[2015-05-21 03:32:24] local.ERROR: exception 'ReflectionException' with message 'Class App\Http\Controllers\PagesController does not exist' in /opt/lampp/htdocs/laravel5/vendor/compiled.php:1029
Stack trace:
#0 /opt/lampp/htdocs/laravel5/vendor/compiled.php(1029): ReflectionClass->__construct('App\\Http\\Contro...')
#1 /opt/lampp/htdocs/laravel5/vendor/compiled.php(980): Illuminate\Container\Container->build('App\\Http\\Contro...', Array)
#2 /opt/lampp/htdocs/laravel5/vendor/compiled.php(1493): Illuminate\Container\Container->make('App\\Http\\Contro...', Array)
#3 /opt/lampp/htdocs/laravel5/vendor/compiled.php(8327): Illuminate\Foundation\Application->make('App\\Http\\Contro...')
#4 /opt/lampp/htdocs/laravel5/vendor/compiled.php(8316): Illuminate\Routing\ControllerDispatcher->makeController('App\\Http\\Contro...')
#5 /opt/lampp/htdocs/laravel5/vendor/compiled.php(7317): Illuminate\Routing\ControllerDispatcher->dispatch(Object(Illuminate\Routing\Route), Object(Illuminate\Http\Request), 'App\\Http\\Contro...', 'about')
#6 /opt/lampp/htdocs/laravel5/vendor/compiled.php(7288): Illuminate\Routing\Route->runWithCustomDispatcher(Object(Illuminate\Http\Request))
#7 /opt/lampp/htdocs/laravel5/vendor/compiled.php(6954): Illuminate\Routing\Route->run(Object(Illuminate\Http\Request))
#8 [internal function]: Illuminate\Routing\Router->Illuminate\Routing\{closure}(Object(Illuminate\Http\Request))
#9 /opt/lampp/htdocs/laravel5/vendor/compiled.php(8952): call_user_func(Object(Closure), Object(Illuminate\Http\Request))
#10 [internal function]: Illuminate\Pipeline\Pipeline->Illuminate\Pipeline\{closure}(Object(Illuminate\Http\Request))
#11 /opt/lampp/htdocs/laravel5/vendor/compiled.php(8935): call_user_func(Object(Closure), Object(Illuminate\Http\Request))
#12 /opt/lampp/htdocs/laravel5/vendor/compiled.php(6955): Illuminate\Pipeline\Pipeline->then(Object(Closure))
#13 /opt/lampp/htdocs/laravel5/vendor/compiled.php(6944): Illuminate\Routing\Router->runRouteWithinStack(Object(Illuminate\Routing\Route), Object(Illuminate\Http\Request))
#14 /opt/lampp/htdocs/laravel5/vendor/compiled.php(6929): Illuminate\Routing\Router->dispatchToRoute(Object(Illuminate\Http\Request))
#15 /opt/lampp/htdocs/laravel5/vendor/compiled.php(1935): Illuminate\Routing\Router->dispatch(Object(Illuminate\Http\Request))
#16 [internal function]: Illuminate\Foundation\Http\Kernel->Illuminate\Foundation\Http\{closure}(Object(Illuminate\Http\Request))
#17 /opt/lampp/htdocs/laravel5/vendor/compiled.php(8952): call_user_func(Object(Closure), Object(Illuminate\Http\Request))
#18 /opt/lampp/htdocs/laravel5/vendor/compiled.php(2438): Illuminate\Pipeline\Pipeline->Illuminate\Pipeline\{closure}(Object(Illuminate\Http\Request))
#19 /opt/lampp/htdocs/laravel5/app/Http/Middleware/VerifyCsrfToken.php(17): Illuminate\Foundation\Http\Middleware\VerifyCsrfToken->handle(Object(Illuminate\Http\Request), Object(Closure))
#20 /opt/lampp/htdocs/laravel5/vendor/compiled.php(8944): App\Http\Middleware\VerifyCsrfToken->handle(Object(Illuminate\Http\Request), Object(Closure))
#21 /opt/lampp/htdocs/laravel5/vendor/compiled.php(12083): Illuminate\Pipeline\Pipeline->Illuminate\Pipeline\{closure}(Object(Illuminate\Http\Request))
#22 /opt/lampp/htdocs/laravel5/vendor/compiled.php(8944): Illuminate\View\Middleware\ShareErrorsFromSession->handle(Object(Illuminate\Http\Request), Object(Closure))
#23 /opt/lampp/htdocs/laravel5/vendor/compiled.php(10785): Illuminate\Pipeline\Pipeline->Illuminate\Pipeline\{closure}(Object(Illuminate\Http\Request))
#24 /opt/lampp/htdocs/laravel5/vendor/compiled.php(8944): Illuminate\Session\Middleware\StartSession->handle(Object(Illuminate\Http\Request), Object(Closure))
#25 /opt/lampp/htdocs/laravel5/vendor/compiled.php(11789): Illuminate\Pipeline\Pipeline->Illuminate\Pipeline\{closure}(Object(Illuminate\Http\Request))
#26 /opt/lampp/htdocs/laravel5/vendor/compiled.php(8944): Illuminate\Cookie\Middleware\AddQueuedCookiesToResponse->handle(Object(Illuminate\Http\Request), Object(Closure))
#27 /opt/lampp/htdocs/laravel5/vendor/compiled.php(11738): Illuminate\Pipeline\Pipeline->Illuminate\Pipeline\{closure}(Object(Illuminate\Http\Request))
#28 /opt/lampp/htdocs/laravel5/vendor/compiled.php(8944): Illuminate\Cookie\Middleware\EncryptCookies->handle(Object(Illuminate\Http\Request), Object(Closure))
#29 /opt/lampp/htdocs/laravel5/vendor/compiled.php(2478): Illuminate\Pipeline\Pipeline->Illuminate\Pipeline\{closure}(Object(Illuminate\Http\Request))
#30 /opt/lampp/htdocs/laravel5/vendor/compiled.php(8944): Illuminate\Foundation\Http\Middleware\CheckForMaintenanceMode->handle(Object(Illuminate\Http\Request), Object(Closure))
#31 [internal function]: Illuminate\Pipeline\Pipeline->Illuminate\Pipeline\{closure}(Object(Illuminate\Http\Request))
#32 /opt/lampp/htdocs/laravel5/vendor/compiled.php(8935): call_user_func(Object(Closure), Object(Illuminate\Http\Request))
#33 /opt/lampp/htdocs/laravel5/vendor/compiled.php(1891): Illuminate\Pipeline\Pipeline->then(Object(Closure))
#34 /opt/lampp/htdocs/laravel5/vendor/compiled.php(1880): Illuminate\Foundation\Http\Kernel->sendRequestThroughRouter(Object(Illuminate\Http\Request))
#35 /opt/lampp/htdocs/laravel5/public/index.php(53): Illuminate\Foundation\Http\Kernel->handle(Object(Illuminate\Http\Request))
#36 {main}  
[2015-05-21 03:58:02] local.ERROR: exception 'ErrorException' with message 'Undefined variable: first' in /opt/lampp/htdocs/laravel5/storage/framework/views/6f3dba2d67d077bdab365ebc7d74f701:1
Stack trace:
#0 /opt/lampp/htdocs/laravel5/storage/framework/views/6f3dba2d67d077bdab365ebc7d74f701(1): Illuminate\Foundation\Bootstrap\HandleExceptions->handleError(8, 'Undefined varia...', '/opt/lampp/htdo...', 1, Array)
#1 /opt/lampp/htdocs/laravel5/vendor/compiled.php(13650): include('/opt/lampp/htdo...')
#2 /opt/lampp/htdocs/laravel5/vendor/compiled.php(13683): Illuminate\View\Engines\PhpEngine->evaluatePath('/opt/lampp/htdo...', Array)
#3 /opt/lampp/htdocs/laravel5/vendor/compiled.php(13523): Illuminate\View\Engines\CompilerEngine->get('/opt/lampp/htdo...', Array)
#4 /opt/lampp/htdocs/laravel5/vendor/compiled.php(13510): Illuminate\View\View->getContents()
#5 /opt/lampp/htdocs/laravel5/vendor/compiled.php(13501): Illuminate\View\View->renderContents()
#6 /opt/lampp/htdocs/laravel5/vendor/compiled.php(14597): Illuminate\View\View->render()
#7 /opt/lampp/htdocs/laravel5/vendor/compiled.php(14126): Illuminate\Http\Response->setContent(Object(Illuminate\View\View))
#8 /opt/lampp/htdocs/laravel5/vendor/compiled.php(7154): Symfony\Component\HttpFoundation\Response->__construct(Object(Illuminate\View\View))
#9 /opt/lampp/htdocs/laravel5/vendor/compiled.php(6954): Illuminate\Routing\Router->prepareResponse(Object(Illuminate\Http\Request), Object(Illuminate\View\View))
#10 [internal function]: Illuminate\Routing\Router->Illuminate\Routing\{closure}(Object(Illuminate\Http\Request))
#11 /opt/lampp/htdocs/laravel5/vendor/compiled.php(8952): call_user_func(Object(Closure), Object(Illuminate\Http\Request))
#12 [internal function]: Illuminate\Pipeline\Pipeline->Illuminate\Pipeline\{closure}(Object(Illuminate\Http\Request))
#13 /opt/lampp/htdocs/laravel5/vendor/compiled.php(8935): call_user_func(Object(Closure), Object(Illuminate\Http\Request))
#14 /opt/lampp/htdocs/laravel5/vendor/compiled.php(6955): Illuminate\Pipeline\Pipeline->then(Object(Closure))
#15 /opt/lampp/htdocs/laravel5/vendor/compiled.php(6944): Illuminate\Routing\Router->runRouteWithinStack(Object(Illuminate\Routing\Route), Object(Illuminate\Http\Request))
#16 /opt/lampp/htdocs/laravel5/vendor/compiled.php(6929): Illuminate\Routing\Router->dispatchToRoute(Object(Illuminate\Http\Request))
#17 /opt/lampp/htdocs/laravel5/vendor/compiled.php(1935): Illuminate\Routing\Router->dispatch(Object(Illuminate\Http\Request))
#18 [internal function]: Illuminate\Foundation\Http\Kernel->Illuminate\Foundation\Http\{closure}(Object(Illuminate\Http\Request))
#19 /opt/lampp/htdocs/laravel5/vendor/compiled.php(8952): call_user_func(Object(Closure), Object(Illuminate\Http\Request))
#20 /opt/lampp/htdocs/laravel5/vendor/compiled.php(2438): Illuminate\Pipeline\Pipeline->Illuminate\Pipeline\{closure}(Object(Illuminate\Http\Request))
#21 /opt/lampp/htdocs/laravel5/app/Http/Middleware/VerifyCsrfToken.php(17): Illuminate\Foundation\Http\Middleware\VerifyCsrfToken->handle(Object(Illuminate\Http\Request), Object(Closure))
#22 /opt/lampp/htdocs/laravel5/vendor/compiled.php(8944): App\Http\Middleware\VerifyCsrfToken->handle(Object(Illuminate\Http\Request), Object(Closure))
#23 /opt/lampp/htdocs/laravel5/vendor/compiled.php(12083): Illuminate\Pipeline\Pipeline->Illuminate\Pipeline\{closure}(Object(Illuminate\Http\Request))
#24 /opt/lampp/htdocs/laravel5/vendor/compiled.php(8944): Illuminate\View\Middleware\ShareErrorsFromSession->handle(Object(Illuminate\Http\Request), Object(Closure))
#25 /opt/lampp/htdocs/laravel5/vendor/compiled.php(10785): Illuminate\Pipeline\Pipeline->Illuminate\Pipeline\{closure}(Object(Illuminate\Http\Request))
#26 /opt/lampp/htdocs/laravel5/vendor/compiled.php(8944): Illuminate\Session\Middleware\StartSession->handle(Object(Illuminate\Http\Request), Object(Closure))
#27 /opt/lampp/htdocs/laravel5/vendor/compiled.php(11789): Illuminate\Pipeline\Pipeline->Illuminate\Pipeline\{closure}(Object(Illuminate\Http\Request))
#28 /opt/lampp/htdocs/laravel5/vendor/compiled.php(8944): Illuminate\Cookie\Middleware\AddQueuedCookiesToResponse->handle(Object(Illuminate\Http\Request), Object(Closure))
#29 /opt/lampp/htdocs/laravel5/vendor/compiled.php(11738): Illuminate\Pipeline\Pipeline->Illuminate\Pipeline\{closure}(Object(Illuminate\Http\Request))
#30 /opt/lampp/htdocs/laravel5/vendor/compiled.php(8944): Illuminate\Cookie\Middleware\EncryptCookies->handle(Object(Illuminate\Http\Request), Object(Closure))
#31 /opt/lampp/htdocs/laravel5/vendor/compiled.php(2478): Illuminate\Pipeline\Pipeline->Illuminate\Pipeline\{closure}(Object(Illuminate\Http\Request))
#32 /opt/lampp/htdocs/laravel5/vendor/compiled.php(8944): Illuminate\Foundation\Http\Middleware\CheckForMaintenanceMode->handle(Object(Illuminate\Http\Request), Object(Closure))
#33 [internal function]: Illuminate\Pipeline\Pipeline->Illuminate\Pipeline\{closure}(Object(Illuminate\Http\Request))
#34 /opt/lampp/htdocs/laravel5/vendor/compiled.php(8935): call_user_func(Object(Closure), Object(Illuminate\Http\Request))
#35 /opt/lampp/htdocs/laravel5/vendor/compiled.php(1891): Illuminate\Pipeline\Pipeline->then(Object(Closure))
#36 /opt/lampp/htdocs/laravel5/vendor/compiled.php(1880): Illuminate\Foundation\Http\Kernel->sendRequestThroughRouter(Object(Illuminate\Http\Request))
#37 /opt/lampp/htdocs/laravel5/public/index.php(53): Illuminate\Foundation\Http\Kernel->handle(Object(Illuminate\Http\Request))
#38 {main}

Next exception 'ErrorException' with message 'Undefined variable: first (View: /opt/lampp/htdocs/laravel5/resources/views/pages/about.blade.php)' in /opt/lampp/htdocs/laravel5/storage/framework/views/6f3dba2d67d077bdab365ebc7d74f701:1
Stack trace:
#0 /opt/lampp/htdocs/laravel5/vendor/compiled.php(13652): Illuminate\View\Engines\CompilerEngine->handleViewException(Object(ErrorException), 1)
#1 /opt/lampp/htdocs/laravel5/vendor/compiled.php(13683): Illuminate\View\Engines\PhpEngine->evaluatePath('/opt/lampp/htdo...', Array)
#2 /opt/lampp/htdocs/laravel5/vendor/compiled.php(13523): Illuminate\View\Engines\CompilerEngine->get('/opt/lampp/htdo...', Array)
#3 /opt/lampp/htdocs/laravel5/vendor/compiled.php(13510): Illuminate\View\View->getContents()
#4 /opt/lampp/htdocs/laravel5/vendor/compiled.php(13501): Illuminate\View\View->renderContents()
#5 /opt/lampp/htdocs/laravel5/vendor/compiled.php(14597): Illuminate\View\View->render()
#6 /opt/lampp/htdocs/laravel5/vendor/compiled.php(14126): Illuminate\Http\Response->setContent(Object(Illuminate\View\View))
#7 /opt/lampp/htdocs/laravel5/vendor/compiled.php(7154): Symfony\Component\HttpFoundation\Response->__construct(Object(Illuminate\View\View))
#8 /opt/lampp/htdocs/laravel5/vendor/compiled.php(6954): Illuminate\Routing\Router->prepareResponse(Object(Illuminate\Http\Request), Object(Illuminate\View\View))
#9 [internal function]: Illuminate\Routing\Router->Illuminate\Routing\{closure}(Object(Illuminate\Http\Request))
#10 /opt/lampp/htdocs/laravel5/vendor/compiled.php(8952): call_user_func(Object(Closure), Object(Illuminate\Http\Request))
#11 [internal function]: Illuminate\Pipeline\Pipeline->Illuminate\Pipeline\{closure}(Object(Illuminate\Http\Request))
#12 /opt/lampp/htdocs/laravel5/vendor/compiled.php(8935): call_user_func(Object(Closure), Object(Illuminate\Http\Request))
#13 /opt/lampp/htdocs/laravel5/vendor/compiled.php(6955): Illuminate\Pipeline\Pipeline->then(Object(Closure))
#14 /opt/lampp/htdocs/laravel5/vendor/compiled.php(6944): Illuminate\Routing\Router->runRouteWithinStack(Object(Illuminate\Routing\Route), Object(Illuminate\Http\Request))
#15 /opt/lampp/htdocs/laravel5/vendor/compiled.php(6929): Illuminate\Routing\Router->dispatchToRoute(Object(Illuminate\Http\Request))
#16 /opt/lampp/htdocs/laravel5/vendor/compiled.php(1935): Illuminate\Routing\Router->dispatch(Object(Illuminate\Http\Request))
#17 [internal function]: Illuminate\Foundation\Http\Kernel->Illuminate\Foundation\Http\{closure}(Object(Illuminate\Http\Request))
#18 /opt/lampp/htdocs/laravel5/vendor/compiled.php(8952): call_user_func(Object(Closure), Object(Illuminate\Http\Request))
#19 /opt/lampp/htdocs/laravel5/vendor/compiled.php(2438): Illuminate\Pipeline\Pipeline->Illuminate\Pipeline\{closure}(Object(Illuminate\Http\Request))
#20 /opt/lampp/htdocs/laravel5/app/Http/Middleware/VerifyCsrfToken.php(17): Illuminate\Foundation\Http\Middleware\VerifyCsrfToken->handle(Object(Illuminate\Http\Request), Object(Closure))
#21 /opt/lampp/htdocs/laravel5/vendor/compiled.php(8944): App\Http\Middleware\VerifyCsrfToken->handle(Object(Illuminate\Http\Request), Object(Closure))
#22 /opt/lampp/htdocs/laravel5/vendor/compiled.php(12083): Illuminate\Pipeline\Pipeline->Illuminate\Pipeline\{closure}(Object(Illuminate\Http\Request))
#23 /opt/lampp/htdocs/laravel5/vendor/compiled.php(8944): Illuminate\View\Middleware\ShareErrorsFromSession->handle(Object(Illuminate\Http\Request), Object(Closure))
#24 /opt/lampp/htdocs/laravel5/vendor/compiled.php(10785): Illuminate\Pipeline\Pipeline->Illuminate\Pipeline\{closure}(Object(Illuminate\Http\Request))
#25 /opt/lampp/htdocs/laravel5/vendor/compiled.php(8944): Illuminate\Session\Middleware\StartSession->handle(Object(Illuminate\Http\Request), Object(Closure))
#26 /opt/lampp/htdocs/laravel5/vendor/compiled.php(11789): Illuminate\Pipeline\Pipeline->Illuminate\Pipeline\{closure}(Object(Illuminate\Http\Request))
#27 /opt/lampp/htdocs/laravel5/vendor/compiled.php(8944): Illuminate\Cookie\Middleware\AddQueuedCookiesToResponse->handle(Object(Illuminate\Http\Request), Object(Closure))
#28 /opt/lampp/htdocs/laravel5/vendor/compiled.php(11738): Illuminate\Pipeline\Pipeline->Illuminate\Pipeline\{closure}(Object(Illuminate\Http\Request))
#29 /opt/lampp/htdocs/laravel5/vendor/compiled.php(8944): Illuminate\Cookie\Middleware\EncryptCookies->handle(Object(Illuminate\Http\Request), Object(Closure))
#30 /opt/lampp/htdocs/laravel5/vendor/compiled.php(2478): Illuminate\Pipeline\Pipeline->Illuminate\Pipeline\{closure}(Object(Illuminate\Http\Request))
#31 /opt/lampp/htdocs/laravel5/vendor/compiled.php(8944): Illuminate\Foundation\Http\Middleware\CheckForMaintenanceMode->handle(Object(Illuminate\Http\Request), Object(Closure))
#32 [internal function]: Illuminate\Pipeline\Pipeline->Illuminate\Pipeline\{closure}(Object(Illuminate\Http\Request))
#33 /opt/lampp/htdocs/laravel5/vendor/compiled.php(8935): call_user_func(Object(Closure), Object(Illuminate\Http\Request))
#34 /opt/lampp/htdocs/laravel5/vendor/compiled.php(1891): Illuminate\Pipeline\Pipeline->then(Object(Closure))
#35 /opt/lampp/htdocs/laravel5/vendor/compiled.php(1880): Illuminate\Foundation\Http\Kernel->sendRequestThroughRouter(Object(Illuminate\Http\Request))
#36 /opt/lampp/htdocs/laravel5/public/index.php(53): Illuminate\Foundation\Http\Kernel->handle(Object(Illuminate\Http\Request))
#37 {main}  
[2015-05-21 03:58:36] local.ERROR: exception 'ErrorException' with message 'Undefined variable: first' in /opt/lampp/htdocs/laravel5/storage/framework/views/6f3dba2d67d077bdab365ebc7d74f701:1
Stack trace:
#0 /opt/lampp/htdocs/laravel5/storage/framework/views/6f3dba2d67d077bdab365ebc7d74f701(1): Illuminate\Foundation\Bootstrap\HandleExceptions->handleError(8, 'Undefined varia...', '/opt/lampp/htdo...', 1, Array)
#1 /opt/lampp/htdocs/laravel5/vendor/compiled.php(13650): include('/opt/lampp/htdo...')
#2 /opt/lampp/htdocs/laravel5/vendor/compiled.php(13683): Illuminate\View\Engines\PhpEngine->evaluatePath('/opt/lampp/htdo...', Array)
#3 /opt/lampp/htdocs/laravel5/vendor/compiled.php(13523): Illuminate\View\Engines\CompilerEngine->get('/opt/lampp/htdo...', Array)
#4 /opt/lampp/htdocs/laravel5/vendor/compiled.php(13510): Illuminate\View\View->getContents()
#5 /opt/lampp/htdocs/laravel5/vendor/compiled.php(13501): Illuminate\View\View->renderContents()
#6 /opt/lampp/htdocs/laravel5/vendor/compiled.php(14597): Illuminate\View\View->render()
#7 /opt/lampp/htdocs/laravel5/vendor/compiled.php(14126): Illuminate\Http\Response->setContent(Object(Illuminate\View\View))
#8 /opt/lampp/htdocs/laravel5/vendor/compiled.php(7154): Symfony\Component\HttpFoundation\Response->__construct(Object(Illuminate\View\View))
#9 /opt/lampp/htdocs/laravel5/vendor/compiled.php(6954): Illuminate\Routing\Router->prepareResponse(Object(Illuminate\Http\Request), Object(Illuminate\View\View))
#10 [internal function]: Illuminate\Routing\Router->Illuminate\Routing\{closure}(Object(Illuminate\Http\Request))
#11 /opt/lampp/htdocs/laravel5/vendor/compiled.php(8952): call_user_func(Object(Closure), Object(Illuminate\Http\Request))
#12 [internal function]: Illuminate\Pipeline\Pipeline->Illuminate\Pipeline\{closure}(Object(Illuminate\Http\Request))
#13 /opt/lampp/htdocs/laravel5/vendor/compiled.php(8935): call_user_func(Object(Closure), Object(Illuminate\Http\Request))
#14 /opt/lampp/htdocs/laravel5/vendor/compiled.php(6955): Illuminate\Pipeline\Pipeline->then(Object(Closure))
#15 /opt/lampp/htdocs/laravel5/vendor/compiled.php(6944): Illuminate\Routing\Router->runRouteWithinStack(Object(Illuminate\Routing\Route), Object(Illuminate\Http\Request))
#16 /opt/lampp/htdocs/laravel5/vendor/compiled.php(6929): Illuminate\Routing\Router->dispatchToRoute(Object(Illuminate\Http\Request))
#17 /opt/lampp/htdocs/laravel5/vendor/compiled.php(1935): Illuminate\Routing\Router->dispatch(Object(Illuminate\Http\Request))
#18 [internal function]: Illuminate\Foundation\Http\Kernel->Illuminate\Foundation\Http\{closure}(Object(Illuminate\Http\Request))
#19 /opt/lampp/htdocs/laravel5/vendor/compiled.php(8952): call_user_func(Object(Closure), Object(Illuminate\Http\Request))
#20 /opt/lampp/htdocs/laravel5/vendor/compiled.php(2438): Illuminate\Pipeline\Pipeline->Illuminate\Pipeline\{closure}(Object(Illuminate\Http\Request))
#21 /opt/lampp/htdocs/laravel5/app/Http/Middleware/VerifyCsrfToken.php(17): Illuminate\Foundation\Http\Middleware\VerifyCsrfToken->handle(Object(Illuminate\Http\Request), Object(Closure))
#22 /opt/lampp/htdocs/laravel5/vendor/compiled.php(8944): App\Http\Middleware\VerifyCsrfToken->handle(Object(Illuminate\Http\Request), Object(Closure))
#23 /opt/lampp/htdocs/laravel5/vendor/compiled.php(12083): Illuminate\Pipeline\Pipeline->Illuminate\Pipeline\{closure}(Object(Illuminate\Http\Request))
#24 /opt/lampp/htdocs/laravel5/vendor/compiled.php(8944): Illuminate\View\Middleware\ShareErrorsFromSession->handle(Object(Illuminate\Http\Request), Object(Closure))
#25 /opt/lampp/htdocs/laravel5/vendor/compiled.php(10785): Illuminate\Pipeline\Pipeline->Illuminate\Pipeline\{closure}(Object(Illuminate\Http\Request))
#26 /opt/lampp/htdocs/laravel5/vendor/compiled.php(8944): Illuminate\Session\Middleware\StartSession->handle(Object(Illuminate\Http\Request), Object(Closure))
#27 /opt/lampp/htdocs/laravel5/vendor/compiled.php(11789): Illuminate\Pipeline\Pipeline->Illuminate\Pipeline\{closure}(Object(Illuminate\Http\Request))
#28 /opt/lampp/htdocs/laravel5/vendor/compiled.php(8944): Illuminate\Cookie\Middleware\AddQueuedCookiesToResponse->handle(Object(Illuminate\Http\Request), Object(Closure))
#29 /opt/lampp/htdocs/laravel5/vendor/compiled.php(11738): Illuminate\Pipeline\Pipeline->Illuminate\Pipeline\{closure}(Object(Illuminate\Http\Request))
#30 /opt/lampp/htdocs/laravel5/vendor/compiled.php(8944): Illuminate\Cookie\Middleware\EncryptCookies->handle(Object(Illuminate\Http\Request), Object(Closure))
#31 /opt/lampp/htdocs/laravel5/vendor/compiled.php(2478): Illuminate\Pipeline\Pipeline->Illuminate\Pipeline\{closure}(Object(Illuminate\Http\Request))
#32 /opt/lampp/htdocs/laravel5/vendor/compiled.php(8944): Illuminate\Foundation\Http\Middleware\CheckForMaintenanceMode->handle(Object(Illuminate\Http\Request), Object(Closure))
#33 [internal function]: Illuminate\Pipeline\Pipeline->Illuminate\Pipeline\{closure}(Object(Illuminate\Http\Request))
#34 /opt/lampp/htdocs/laravel5/vendor/compiled.php(8935): call_user_func(Object(Closure), Object(Illuminate\Http\Request))
#35 /opt/lampp/htdocs/laravel5/vendor/compiled.php(1891): Illuminate\Pipeline\Pipeline->then(Object(Closure))
#36 /opt/lampp/htdocs/laravel5/vendor/compiled.php(1880): Illuminate\Foundation\Http\Kernel->sendRequestThroughRouter(Object(Illuminate\Http\Request))
#37 /opt/lampp/htdocs/laravel5/public/index.php(53): Illuminate\Foundation\Http\Kernel->handle(Object(Illuminate\Http\Request))
#38 {main}

Next exception 'ErrorException' with message 'Undefined variable: first (View: /opt/lampp/htdocs/laravel5/resources/views/pages/about.blade.php)' in /opt/lampp/htdocs/laravel5/storage/framework/views/6f3dba2d67d077bdab365ebc7d74f701:1
Stack trace:
#0 /opt/lampp/htdocs/laravel5/vendor/compiled.php(13652): Illuminate\View\Engines\CompilerEngine->handleViewException(Object(ErrorException), 1)
#1 /opt/lampp/htdocs/laravel5/vendor/compiled.php(13683): Illuminate\View\Engines\PhpEngine->evaluatePath('/opt/lampp/htdo...', Array)
#2 /opt/lampp/htdocs/laravel5/vendor/compiled.php(13523): Illuminate\View\Engines\CompilerEngine->get('/opt/lampp/htdo...', Array)
#3 /opt/lampp/htdocs/laravel5/vendor/compiled.php(13510): Illuminate\View\View->getContents()
#4 /opt/lampp/htdocs/laravel5/vendor/compiled.php(13501): Illuminate\View\View->renderContents()
#5 /opt/lampp/htdocs/laravel5/vendor/compiled.php(14597): Illuminate\View\View->render()
#6 /opt/lampp/htdocs/laravel5/vendor/compiled.php(14126): Illuminate\Http\Response->setContent(Object(Illuminate\View\View))
#7 /opt/lampp/htdocs/laravel5/vendor/compiled.php(7154): Symfony\Component\HttpFoundation\Response->__construct(Object(Illuminate\View\View))
#8 /opt/lampp/htdocs/laravel5/vendor/compiled.php(6954): Illuminate\Routing\Router->prepareResponse(Object(Illuminate\Http\Request), Object(Illuminate\View\View))
#9 [internal function]: Illuminate\Routing\Router->Illuminate\Routing\{closure}(Object(Illuminate\Http\Request))
#10 /opt/lampp/htdocs/laravel5/vendor/compiled.php(8952): call_user_func(Object(Closure), Object(Illuminate\Http\Request))
#11 [internal function]: Illuminate\Pipeline\Pipeline->Illuminate\Pipeline\{closure}(Object(Illuminate\Http\Request))
#12 /opt/lampp/htdocs/laravel5/vendor/compiled.php(8935): call_user_func(Object(Closure), Object(Illuminate\Http\Request))
#13 /opt/lampp/htdocs/laravel5/vendor/compiled.php(6955): Illuminate\Pipeline\Pipeline->then(Object(Closure))
#14 /opt/lampp/htdocs/laravel5/vendor/compiled.php(6944): Illuminate\Routing\Router->runRouteWithinStack(Object(Illuminate\Routing\Route), Object(Illuminate\Http\Request))
#15 /opt/lampp/htdocs/laravel5/vendor/compiled.php(6929): Illuminate\Routing\Router->dispatchToRoute(Object(Illuminate\Http\Request))
#16 /opt/lampp/htdocs/laravel5/vendor/compiled.php(1935): Illuminate\Routing\Router->dispatch(Object(Illuminate\Http\Request))
#17 [internal function]: Illuminate\Foundation\Http\Kernel->Illuminate\Foundation\Http\{closure}(Object(Illuminate\Http\Request))
#18 /opt/lampp/htdocs/laravel5/vendor/compiled.php(8952): call_user_func(Object(Closure), Object(Illuminate\Http\Request))
#19 /opt/lampp/htdocs/laravel5/vendor/compiled.php(2438): Illuminate\Pipeline\Pipeline->Illuminate\Pipeline\{closure}(Object(Illuminate\Http\Request))
#20 /opt/lampp/htdocs/laravel5/app/Http/Middleware/VerifyCsrfToken.php(17): Illuminate\Foundation\Http\Middleware\VerifyCsrfToken->handle(Object(Illuminate\Http\Request), Object(Closure))
#21 /opt/lampp/htdocs/laravel5/vendor/compiled.php(8944): App\Http\Middleware\VerifyCsrfToken->handle(Object(Illuminate\Http\Request), Object(Closure))
#22 /opt/lampp/htdocs/laravel5/vendor/compiled.php(12083): Illuminate\Pipeline\Pipeline->Illuminate\Pipeline\{closure}(Object(Illuminate\Http\Request))
#23 /opt/lampp/htdocs/laravel5/vendor/compiled.php(8944): Illuminate\View\Middleware\ShareErrorsFromSession->handle(Object(Illuminate\Http\Request), Object(Closure))
#24 /opt/lampp/htdocs/laravel5/vendor/compiled.php(10785): Illuminate\Pipeline\Pipeline->Illuminate\Pipeline\{closure}(Object(Illuminate\Http\Request))
#25 /opt/lampp/htdocs/laravel5/vendor/compiled.php(8944): Illuminate\Session\Middleware\StartSession->handle(Object(Illuminate\Http\Request), Object(Closure))
#26 /opt/lampp/htdocs/laravel5/vendor/compiled.php(11789): Illuminate\Pipeline\Pipeline->Illuminate\Pipeline\{closure}(Object(Illuminate\Http\Request))
#27 /opt/lampp/htdocs/laravel5/vendor/compiled.php(8944): Illuminate\Cookie\Middleware\AddQueuedCookiesToResponse->handle(Object(Illuminate\Http\Request), Object(Closure))
#28 /opt/lampp/htdocs/laravel5/vendor/compiled.php(11738): Illuminate\Pipeline\Pipeline->Illuminate\Pipeline\{closure}(Object(Illuminate\Http\Request))
#29 /opt/lampp/htdocs/laravel5/vendor/compiled.php(8944): Illuminate\Cookie\Middleware\EncryptCookies->handle(Object(Illuminate\Http\Request), Object(Closure))
#30 /opt/lampp/htdocs/laravel5/vendor/compiled.php(2478): Illuminate\Pipeline\Pipeline->Illuminate\Pipeline\{closure}(Object(Illuminate\Http\Request))
#31 /opt/lampp/htdocs/laravel5/vendor/compiled.php(8944): Illuminate\Foundation\Http\Middleware\CheckForMaintenanceMode->handle(Object(Illuminate\Http\Request), Object(Closure))
#32 [internal function]: Illuminate\Pipeline\Pipeline->Illuminate\Pipeline\{closure}(Object(Illuminate\Http\Request))
#33 /opt/lampp/htdocs/laravel5/vendor/compiled.php(8935): call_user_func(Object(Closure), Object(Illuminate\Http\Request))
#34 /opt/lampp/htdocs/laravel5/vendor/compiled.php(1891): Illuminate\Pipeline\Pipeline->then(Object(Closure))
#35 /opt/lampp/htdocs/laravel5/vendor/compiled.php(1880): Illuminate\Foundation\Http\Kernel->sendRequestThroughRouter(Object(Illuminate\Http\Request))
#36 /opt/lampp/htdocs/laravel5/public/index.php(53): Illuminate\Foundation\Http\Kernel->handle(Object(Illuminate\Http\Request))
#37 {main}  
[2015-05-21 03:59:08] local.ERROR: exception 'ErrorException' with message 'Undefined variable: first' in /opt/lampp/htdocs/laravel5/storage/framework/views/6f3dba2d67d077bdab365ebc7d74f701:1
Stack trace:
#0 /opt/lampp/htdocs/laravel5/storage/framework/views/6f3dba2d67d077bdab365ebc7d74f701(1): Illuminate\Foundation\Bootstrap\HandleExceptions->handleError(8, 'Undefined varia...', '/opt/lampp/htdo...', 1, Array)
#1 /opt/lampp/htdocs/laravel5/vendor/compiled.php(13650): include('/opt/lampp/htdo...')
#2 /opt/lampp/htdocs/laravel5/vendor/compiled.php(13683): Illuminate\View\Engines\PhpEngine->evaluatePath('/opt/lampp/htdo...', Array)
#3 /opt/lampp/htdocs/laravel5/vendor/compiled.php(13523): Illuminate\View\Engines\CompilerEngine->get('/opt/lampp/htdo...', Array)
#4 /opt/lampp/htdocs/laravel5/vendor/compiled.php(13510): Illuminate\View\View->getContents()
#5 /opt/lampp/htdocs/laravel5/vendor/compiled.php(13501): Illuminate\View\View->renderContents()
#6 /opt/lampp/htdocs/laravel5/vendor/compiled.php(14597): Illuminate\View\View->render()
#7 /opt/lampp/htdocs/laravel5/vendor/compiled.php(14126): Illuminate\Http\Response->setContent(Object(Illuminate\View\View))
#8 /opt/lampp/htdocs/laravel5/vendor/compiled.php(7154): Symfony\Component\HttpFoundation\Response->__construct(Object(Illuminate\View\View))
#9 /opt/lampp/htdocs/laravel5/vendor/compiled.php(6954): Illuminate\Routing\Router->prepareResponse(Object(Illuminate\Http\Request), Object(Illuminate\View\View))
#10 [internal function]: Illuminate\Routing\Router->Illuminate\Routing\{closure}(Object(Illuminate\Http\Request))
#11 /opt/lampp/htdocs/laravel5/vendor/compiled.php(8952): call_user_func(Object(Closure), Object(Illuminate\Http\Request))
#12 [internal function]: Illuminate\Pipeline\Pipeline->Illuminate\Pipeline\{closure}(Object(Illuminate\Http\Request))
#13 /opt/lampp/htdocs/laravel5/vendor/compiled.php(8935): call_user_func(Object(Closure), Object(Illuminate\Http\Request))
#14 /opt/lampp/htdocs/laravel5/vendor/compiled.php(6955): Illuminate\Pipeline\Pipeline->then(Object(Closure))
#15 /opt/lampp/htdocs/laravel5/vendor/compiled.php(6944): Illuminate\Routing\Router->runRouteWithinStack(Object(Illuminate\Routing\Route), Object(Illuminate\Http\Request))
#16 /opt/lampp/htdocs/laravel5/vendor/compiled.php(6929): Illuminate\Routing\Router->dispatchToRoute(Object(Illuminate\Http\Request))
#17 /opt/lampp/htdocs/laravel5/vendor/compiled.php(1935): Illuminate\Routing\Router->dispatch(Object(Illuminate\Http\Request))
#18 [internal function]: Illuminate\Foundation\Http\Kernel->Illuminate\Foundation\Http\{closure}(Object(Illuminate\Http\Request))
#19 /opt/lampp/htdocs/laravel5/vendor/compiled.php(8952): call_user_func(Object(Closure), Object(Illuminate\Http\Request))
#20 /opt/lampp/htdocs/laravel5/vendor/compiled.php(2438): Illuminate\Pipeline\Pipeline->Illuminate\Pipeline\{closure}(Object(Illuminate\Http\Request))
#21 /opt/lampp/htdocs/laravel5/app/Http/Middleware/VerifyCsrfToken.php(17): Illuminate\Foundation\Http\Middleware\VerifyCsrfToken->handle(Object(Illuminate\Http\Request), Object(Closure))
#22 /opt/lampp/htdocs/laravel5/vendor/compiled.php(8944): App\Http\Middleware\VerifyCsrfToken->handle(Object(Illuminate\Http\Request), Object(Closure))
#23 /opt/lampp/htdocs/laravel5/vendor/compiled.php(12083): Illuminate\Pipeline\Pipeline->Illuminate\Pipeline\{closure}(Object(Illuminate\Http\Request))
#24 /opt/lampp/htdocs/laravel5/vendor/compiled.php(8944): Illuminate\View\Middleware\ShareErrorsFromSession->handle(Object(Illuminate\Http\Request), Object(Closure))
#25 /opt/lampp/htdocs/laravel5/vendor/compiled.php(10785): Illuminate\Pipeline\Pipeline->Illuminate\Pipeline\{closure}(Object(Illuminate\Http\Request))
#26 /opt/lampp/htdocs/laravel5/vendor/compiled.php(8944): Illuminate\Session\Middleware\StartSession->handle(Object(Illuminate\Http\Request), Object(Closure))
#27 /opt/lampp/htdocs/laravel5/vendor/compiled.php(11789): Illuminate\Pipeline\Pipeline->Illuminate\Pipeline\{closure}(Object(Illuminate\Http\Request))
#28 /opt/lampp/htdocs/laravel5/vendor/compiled.php(8944): Illuminate\Cookie\Middleware\AddQueuedCookiesToResponse->handle(Object(Illuminate\Http\Request), Object(Closure))
#29 /opt/lampp/htdocs/laravel5/vendor/compiled.php(11738): Illuminate\Pipeline\Pipeline->Illuminate\Pipeline\{closure}(Object(Illuminate\Http\Request))
#30 /opt/lampp/htdocs/laravel5/vendor/compiled.php(8944): Illuminate\Cookie\Middleware\EncryptCookies->handle(Object(Illuminate\Http\Request), Object(Closure))
#31 /opt/lampp/htdocs/laravel5/vendor/compiled.php(2478): Illuminate\Pipeline\Pipeline->Illuminate\Pipeline\{closure}(Object(Illuminate\Http\Request))
#32 /opt/lampp/htdocs/laravel5/vendor/compiled.php(8944): Illuminate\Foundation\Http\Middleware\CheckForMaintenanceMode->handle(Object(Illuminate\Http\Request), Object(Closure))
#33 [internal function]: Illuminate\Pipeline\Pipeline->Illuminate\Pipeline\{closure}(Object(Illuminate\Http\Request))
#34 /opt/lampp/htdocs/laravel5/vendor/compiled.php(8935): call_user_func(Object(Closure), Object(Illuminate\Http\Request))
#35 /opt/lampp/htdocs/laravel5/vendor/compiled.php(1891): Illuminate\Pipeline\Pipeline->then(Object(Closure))
#36 /opt/lampp/htdocs/laravel5/vendor/compiled.php(1880): Illuminate\Foundation\Http\Kernel->sendRequestThroughRouter(Object(Illuminate\Http\Request))
#37 /opt/lampp/htdocs/laravel5/public/index.php(53): Illuminate\Foundation\Http\Kernel->handle(Object(Illuminate\Http\Request))
#38 {main}

Next exception 'ErrorException' with message 'Undefined variable: first (View: /opt/lampp/htdocs/laravel5/resources/views/pages/about.blade.php)' in /opt/lampp/htdocs/laravel5/storage/framework/views/6f3dba2d67d077bdab365ebc7d74f701:1
Stack trace:
#0 /opt/lampp/htdocs/laravel5/vendor/compiled.php(13652): Illuminate\View\Engines\CompilerEngine->handleViewException(Object(ErrorException), 1)
#1 /opt/lampp/htdocs/laravel5/vendor/compiled.php(13683): Illuminate\View\Engines\PhpEngine->evaluatePath('/opt/lampp/htdo...', Array)
#2 /opt/lampp/htdocs/laravel5/vendor/compiled.php(13523): Illuminate\View\Engines\CompilerEngine->get('/opt/lampp/htdo...', Array)
#3 /opt/lampp/htdocs/laravel5/vendor/compiled.php(13510): Illuminate\View\View->getContents()
#4 /opt/lampp/htdocs/laravel5/vendor/compiled.php(13501): Illuminate\View\View->renderContents()
#5 /opt/lampp/htdocs/laravel5/vendor/compiled.php(14597): Illuminate\View\View->render()
#6 /opt/lampp/htdocs/laravel5/vendor/compiled.php(14126): Illuminate\Http\Response->setContent(Object(Illuminate\View\View))
#7 /opt/lampp/htdocs/laravel5/vendor/compiled.php(7154): Symfony\Component\HttpFoundation\Response->__construct(Object(Illuminate\View\View))
#8 /opt/lampp/htdocs/laravel5/vendor/compiled.php(6954): Illuminate\Routing\Router->prepareResponse(Object(Illuminate\Http\Request), Object(Illuminate\View\View))
#9 [internal function]: Illuminate\Routing\Router->Illuminate\Routing\{closure}(Object(Illuminate\Http\Request))
#10 /opt/lampp/htdocs/laravel5/vendor/compiled.php(8952): call_user_func(Object(Closure), Object(Illuminate\Http\Request))
#11 [internal function]: Illuminate\Pipeline\Pipeline->Illuminate\Pipeline\{closure}(Object(Illuminate\Http\Request))
#12 /opt/lampp/htdocs/laravel5/vendor/compiled.php(8935): call_user_func(Object(Closure), Object(Illuminate\Http\Request))
#13 /opt/lampp/htdocs/laravel5/vendor/compiled.php(6955): Illuminate\Pipeline\Pipeline->then(Object(Closure))
#14 /opt/lampp/htdocs/laravel5/vendor/compiled.php(6944): Illuminate\Routing\Router->runRouteWithinStack(Object(Illuminate\Routing\Route), Object(Illuminate\Http\Request))
#15 /opt/lampp/htdocs/laravel5/vendor/compiled.php(6929): Illuminate\Routing\Router->dispatchToRoute(Object(Illuminate\Http\Request))
#16 /opt/lampp/htdocs/laravel5/vendor/compiled.php(1935): Illuminate\Routing\Router->dispatch(Object(Illuminate\Http\Request))
#17 [internal function]: Illuminate\Foundation\Http\Kernel->Illuminate\Foundation\Http\{closure}(Object(Illuminate\Http\Request))
#18 /opt/lampp/htdocs/laravel5/vendor/compiled.php(8952): call_user_func(Object(Closure), Object(Illuminate\Http\Request))
#19 /opt/lampp/htdocs/laravel5/vendor/compiled.php(2438): Illuminate\Pipeline\Pipeline->Illuminate\Pipeline\{closure}(Object(Illuminate\Http\Request))
#20 /opt/lampp/htdocs/laravel5/app/Http/Middleware/VerifyCsrfToken.php(17): Illuminate\Foundation\Http\Middleware\VerifyCsrfToken->handle(Object(Illuminate\Http\Request), Object(Closure))
#21 /opt/lampp/htdocs/laravel5/vendor/compiled.php(8944): App\Http\Middleware\VerifyCsrfToken->handle(Object(Illuminate\Http\Request), Object(Closure))
#22 /opt/lampp/htdocs/laravel5/vendor/compiled.php(12083): Illuminate\Pipeline\Pipeline->Illuminate\Pipeline\{closure}(Object(Illuminate\Http\Request))
#23 /opt/lampp/htdocs/laravel5/vendor/compiled.php(8944): Illuminate\View\Middleware\ShareErrorsFromSession->handle(Object(Illuminate\Http\Request), Object(Closure))
#24 /opt/lampp/htdocs/laravel5/vendor/compiled.php(10785): Illuminate\Pipeline\Pipeline->Illuminate\Pipeline\{closure}(Object(Illuminate\Http\Request))
#25 /opt/lampp/htdocs/laravel5/vendor/compiled.php(8944): Illuminate\Session\Middleware\StartSession->handle(Object(Illuminate\Http\Request), Object(Closure))
#26 /opt/lampp/htdocs/laravel5/vendor/compiled.php(11789): Illuminate\Pipeline\Pipeline->Illuminate\Pipeline\{closure}(Object(Illuminate\Http\Request))
#27 /opt/lampp/htdocs/laravel5/vendor/compiled.php(8944): Illuminate\Cookie\Middleware\AddQueuedCookiesToResponse->handle(Object(Illuminate\Http\Request), Object(Closure))
#28 /opt/lampp/htdocs/laravel5/vendor/compiled.php(11738): Illuminate\Pipeline\Pipeline->Illuminate\Pipeline\{closure}(Object(Illuminate\Http\Request))
#29 /opt/lampp/htdocs/laravel5/vendor/compiled.php(8944): Illuminate\Cookie\Middleware\EncryptCookies->handle(Object(Illuminate\Http\Request), Object(Closure))
#30 /opt/lampp/htdocs/laravel5/vendor/compiled.php(2478): Illuminate\Pipeline\Pipeline->Illuminate\Pipeline\{closure}(Object(Illuminate\Http\Request))
#31 /opt/lampp/htdocs/laravel5/vendor/compiled.php(8944): Illuminate\Foundation\Http\Middleware\CheckForMaintenanceMode->handle(Object(Illuminate\Http\Request), Object(Closure))
#32 [internal function]: Illuminate\Pipeline\Pipeline->Illuminate\Pipeline\{closure}(Object(Illuminate\Http\Request))
#33 /opt/lampp/htdocs/laravel5/vendor/compiled.php(8935): call_user_func(Object(Closure), Object(Illuminate\Http\Request))
#34 /opt/lampp/htdocs/laravel5/vendor/compiled.php(1891): Illuminate\Pipeline\Pipeline->then(Object(Closure))
#35 /opt/lampp/htdocs/laravel5/vendor/compiled.php(1880): Illuminate\Foundation\Http\Kernel->sendRequestThroughRouter(Object(Illuminate\Http\Request))
#36 /opt/lampp/htdocs/laravel5/public/index.php(53): Illuminate\Foundation\Http\Kernel->handle(Object(Illuminate\Http\Request))
#37 {main}  
[2015-05-21 03:59:09] local.ERROR: exception 'ErrorException' with message 'Undefined variable: first' in /opt/lampp/htdocs/laravel5/storage/framework/views/6f3dba2d67d077bdab365ebc7d74f701:1
Stack trace:
#0 /opt/lampp/htdocs/laravel5/storage/framework/views/6f3dba2d67d077bdab365ebc7d74f701(1): Illuminate\Foundation\Bootstrap\HandleExceptions->handleError(8, 'Undefined varia...', '/opt/lampp/htdo...', 1, Array)
#1 /opt/lampp/htdocs/laravel5/vendor/compiled.php(13650): include('/opt/lampp/htdo...')
#2 /opt/lampp/htdocs/laravel5/vendor/compiled.php(13683): Illuminate\View\Engines\PhpEngine->evaluatePath('/opt/lampp/htdo...', Array)
#3 /opt/lampp/htdocs/laravel5/vendor/compiled.php(13523): Illuminate\View\Engines\CompilerEngine->get('/opt/lampp/htdo...', Array)
#4 /opt/lampp/htdocs/laravel5/vendor/compiled.php(13510): Illuminate\View\View->getContents()
#5 /opt/lampp/htdocs/laravel5/vendor/compiled.php(13501): Illuminate\View\View->renderContents()
#6 /opt/lampp/htdocs/laravel5/vendor/compiled.php(14597): Illuminate\View\View->render()
#7 /opt/lampp/htdocs/laravel5/vendor/compiled.php(14126): Illuminate\Http\Response->setContent(Object(Illuminate\View\View))
#8 /opt/lampp/htdocs/laravel5/vendor/compiled.php(7154): Symfony\Component\HttpFoundation\Response->__construct(Object(Illuminate\View\View))
#9 /opt/lampp/htdocs/laravel5/vendor/compiled.php(6954): Illuminate\Routing\Router->prepareResponse(Object(Illuminate\Http\Request), Object(Illuminate\View\View))
#10 [internal function]: Illuminate\Routing\Router->Illuminate\Routing\{closure}(Object(Illuminate\Http\Request))
#11 /opt/lampp/htdocs/laravel5/vendor/compiled.php(8952): call_user_func(Object(Closure), Object(Illuminate\Http\Request))
#12 [internal function]: Illuminate\Pipeline\Pipeline->Illuminate\Pipeline\{closure}(Object(Illuminate\Http\Request))
#13 /opt/lampp/htdocs/laravel5/vendor/compiled.php(8935): call_user_func(Object(Closure), Object(Illuminate\Http\Request))
#14 /opt/lampp/htdocs/laravel5/vendor/compiled.php(6955): Illuminate\Pipeline\Pipeline->then(Object(Closure))
#15 /opt/lampp/htdocs/laravel5/vendor/compiled.php(6944): Illuminate\Routing\Router->runRouteWithinStack(Object(Illuminate\Routing\Route), Object(Illuminate\Http\Request))
#16 /opt/lampp/htdocs/laravel5/vendor/compiled.php(6929): Illuminate\Routing\Router->dispatchToRoute(Object(Illuminate\Http\Request))
#17 /opt/lampp/htdocs/laravel5/vendor/compiled.php(1935): Illuminate\Routing\Router->dispatch(Object(Illuminate\Http\Request))
#18 [internal function]: Illuminate\Foundation\Http\Kernel->Illuminate\Foundation\Http\{closure}(Object(Illuminate\Http\Request))
#19 /opt/lampp/htdocs/laravel5/vendor/compiled.php(8952): call_user_func(Object(Closure), Object(Illuminate\Http\Request))
#20 /opt/lampp/htdocs/laravel5/vendor/compiled.php(2438): Illuminate\Pipeline\Pipeline->Illuminate\Pipeline\{closure}(Object(Illuminate\Http\Request))
#21 /opt/lampp/htdocs/laravel5/app/Http/Middleware/VerifyCsrfToken.php(17): Illuminate\Foundation\Http\Middleware\VerifyCsrfToken->handle(Object(Illuminate\Http\Request), Object(Closure))
#22 /opt/lampp/htdocs/laravel5/vendor/compiled.php(8944): App\Http\Middleware\VerifyCsrfToken->handle(Object(Illuminate\Http\Request), Object(Closure))
#23 /opt/lampp/htdocs/laravel5/vendor/compiled.php(12083): Illuminate\Pipeline\Pipeline->Illuminate\Pipeline\{closure}(Object(Illuminate\Http\Request))
#24 /opt/lampp/htdocs/laravel5/vendor/compiled.php(8944): Illuminate\View\Middleware\ShareErrorsFromSession->handle(Object(Illuminate\Http\Request), Object(Closure))
#25 /opt/lampp/htdocs/laravel5/vendor/compiled.php(10785): Illuminate\Pipeline\Pipeline->Illuminate\Pipeline\{closure}(Object(Illuminate\Http\Request))
#26 /opt/lampp/htdocs/laravel5/vendor/compiled.php(8944): Illuminate\Session\Middleware\StartSession->handle(Object(Illuminate\Http\Request), Object(Closure))
#27 /opt/lampp/htdocs/laravel5/vendor/compiled.php(11789): Illuminate\Pipeline\Pipeline->Illuminate\Pipeline\{closure}(Object(Illuminate\Http\Request))
#28 /opt/lampp/htdocs/laravel5/vendor/compiled.php(8944): Illuminate\Cookie\Middleware\AddQueuedCookiesToResponse->handle(Object(Illuminate\Http\Request), Object(Closure))
#29 /opt/lampp/htdocs/laravel5/vendor/compiled.php(11738): Illuminate\Pipeline\Pipeline->Illuminate\Pipeline\{closure}(Object(Illuminate\Http\Request))
#30 /opt/lampp/htdocs/laravel5/vendor/compiled.php(8944): Illuminate\Cookie\Middleware\EncryptCookies->handle(Object(Illuminate\Http\Request), Object(Closure))
#31 /opt/lampp/htdocs/laravel5/vendor/compiled.php(2478): Illuminate\Pipeline\Pipeline->Illuminate\Pipeline\{closure}(Object(Illuminate\Http\Request))
#32 /opt/lampp/htdocs/laravel5/vendor/compiled.php(8944): Illuminate\Foundation\Http\Middleware\CheckForMaintenanceMode->handle(Object(Illuminate\Http\Request), Object(Closure))
#33 [internal function]: Illuminate\Pipeline\Pipeline->Illuminate\Pipeline\{closure}(Object(Illuminate\Http\Request))
#34 /opt/lampp/htdocs/laravel5/vendor/compiled.php(8935): call_user_func(Object(Closure), Object(Illuminate\Http\Request))
#35 /opt/lampp/htdocs/laravel5/vendor/compiled.php(1891): Illuminate\Pipeline\Pipeline->then(Object(Closure))
#36 /opt/lampp/htdocs/laravel5/vendor/compiled.php(1880): Illuminate\Foundation\Http\Kernel->sendRequestThroughRouter(Object(Illuminate\Http\Request))
#37 /opt/lampp/htdocs/laravel5/public/index.php(53): Illuminate\Foundation\Http\Kernel->handle(Object(Illuminate\Http\Request))
#38 {main}

Next exception 'ErrorException' with message 'Undefined variable: first (View: /opt/lampp/htdocs/laravel5/resources/views/pages/about.blade.php)' in /opt/lampp/htdocs/laravel5/storage/framework/views/6f3dba2d67d077bdab365ebc7d74f701:1
Stack trace:
#0 /opt/lampp/htdocs/laravel5/vendor/compiled.php(13652): Illuminate\View\Engines\CompilerEngine->handleViewException(Object(ErrorException), 1)
#1 /opt/lampp/htdocs/laravel5/vendor/compiled.php(13683): Illuminate\View\Engines\PhpEngine->evaluatePath('/opt/lampp/htdo...', Array)
#2 /opt/lampp/htdocs/laravel5/vendor/compiled.php(13523): Illuminate\View\Engines\CompilerEngine->get('/opt/lampp/htdo...', Array)
#3 /opt/lampp/htdocs/laravel5/vendor/compiled.php(13510): Illuminate\View\View->getContents()
#4 /opt/lampp/htdocs/laravel5/vendor/compiled.php(13501): Illuminate\View\View->renderContents()
#5 /opt/lampp/htdocs/laravel5/vendor/compiled.php(14597): Illuminate\View\View->render()
#6 /opt/lampp/htdocs/laravel5/vendor/compiled.php(14126): Illuminate\Http\Response->setContent(Object(Illuminate\View\View))
#7 /opt/lampp/htdocs/laravel5/vendor/compiled.php(7154): Symfony\Component\HttpFoundation\Response->__construct(Object(Illuminate\View\View))
#8 /opt/lampp/htdocs/laravel5/vendor/compiled.php(6954): Illuminate\Routing\Router->prepareResponse(Object(Illuminate\Http\Request), Object(Illuminate\View\View))
#9 [internal function]: Illuminate\Routing\Router->Illuminate\Routing\{closure}(Object(Illuminate\Http\Request))
#10 /opt/lampp/htdocs/laravel5/vendor/compiled.php(8952): call_user_func(Object(Closure), Object(Illuminate\Http\Request))
#11 [internal function]: Illuminate\Pipeline\Pipeline->Illuminate\Pipeline\{closure}(Object(Illuminate\Http\Request))
#12 /opt/lampp/htdocs/laravel5/vendor/compiled.php(8935): call_user_func(Object(Closure), Object(Illuminate\Http\Request))
#13 /opt/lampp/htdocs/laravel5/vendor/compiled.php(6955): Illuminate\Pipeline\Pipeline->then(Object(Closure))
#14 /opt/lampp/htdocs/laravel5/vendor/compiled.php(6944): Illuminate\Routing\Router->runRouteWithinStack(Object(Illuminate\Routing\Route), Object(Illuminate\Http\Request))
#15 /opt/lampp/htdocs/laravel5/vendor/compiled.php(6929): Illuminate\Routing\Router->dispatchToRoute(Object(Illuminate\Http\Request))
#16 /opt/lampp/htdocs/laravel5/vendor/compiled.php(1935): Illuminate\Routing\Router->dispatch(Object(Illuminate\Http\Request))
#17 [internal function]: Illuminate\Foundation\Http\Kernel->Illuminate\Foundation\Http\{closure}(Object(Illuminate\Http\Request))
#18 /opt/lampp/htdocs/laravel5/vendor/compiled.php(8952): call_user_func(Object(Closure), Object(Illuminate\Http\Request))
#19 /opt/lampp/htdocs/laravel5/vendor/compiled.php(2438): Illuminate\Pipeline\Pipeline->Illuminate\Pipeline\{closure}(Object(Illuminate\Http\Request))
#20 /opt/lampp/htdocs/laravel5/app/Http/Middleware/VerifyCsrfToken.php(17): Illuminate\Foundation\Http\Middleware\VerifyCsrfToken->handle(Object(Illuminate\Http\Request), Object(Closure))
#21 /opt/lampp/htdocs/laravel5/vendor/compiled.php(8944): App\Http\Middleware\VerifyCsrfToken->handle(Object(Illuminate\Http\Request), Object(Closure))
#22 /opt/lampp/htdocs/laravel5/vendor/compiled.php(12083): Illuminate\Pipeline\Pipeline->Illuminate\Pipeline\{closure}(Object(Illuminate\Http\Request))
#23 /opt/lampp/htdocs/laravel5/vendor/compiled.php(8944): Illuminate\View\Middleware\ShareErrorsFromSession->handle(Object(Illuminate\Http\Request), Object(Closure))
#24 /opt/lampp/htdocs/laravel5/vendor/compiled.php(10785): Illuminate\Pipeline\Pipeline->Illuminate\Pipeline\{closure}(Object(Illuminate\Http\Request))
#25 /opt/lampp/htdocs/laravel5/vendor/compiled.php(8944): Illuminate\Session\Middleware\StartSession->handle(Object(Illuminate\Http\Request), Object(Closure))
#26 /opt/lampp/htdocs/laravel5/vendor/compiled.php(11789): Illuminate\Pipeline\Pipeline->Illuminate\Pipeline\{closure}(Object(Illuminate\Http\Request))
#27 /opt/lampp/htdocs/laravel5/vendor/compiled.php(8944): Illuminate\Cookie\Middleware\AddQueuedCookiesToResponse->handle(Object(Illuminate\Http\Request), Object(Closure))
#28 /opt/lampp/htdocs/laravel5/vendor/compiled.php(11738): Illuminate\Pipeline\Pipeline->Illuminate\Pipeline\{closure}(Object(Illuminate\Http\Request))
#29 /opt/lampp/htdocs/laravel5/vendor/compiled.php(8944): Illuminate\Cookie\Middleware\EncryptCookies->handle(Object(Illuminate\Http\Request), Object(Closure))
#30 /opt/lampp/htdocs/laravel5/vendor/compiled.php(2478): Illuminate\Pipeline\Pipeline->Illuminate\Pipeline\{closure}(Object(Illuminate\Http\Request))
#31 /opt/lampp/htdocs/laravel5/vendor/compiled.php(8944): Illuminate\Foundation\Http\Middleware\CheckForMaintenanceMode->handle(Object(Illuminate\Http\Request), Object(Closure))
#32 [internal function]: Illuminate\Pipeline\Pipeline->Illuminate\Pipeline\{closure}(Object(Illuminate\Http\Request))
#33 /opt/lampp/htdocs/laravel5/vendor/compiled.php(8935): call_user_func(Object(Closure), Object(Illuminate\Http\Request))
#34 /opt/lampp/htdocs/laravel5/vendor/compiled.php(1891): Illuminate\Pipeline\Pipeline->then(Object(Closure))
#35 /opt/lampp/htdocs/laravel5/vendor/compiled.php(1880): Illuminate\Foundation\Http\Kernel->sendRequestThroughRouter(Object(Illuminate\Http\Request))
#36 /opt/lampp/htdocs/laravel5/public/index.php(53): Illuminate\Foundation\Http\Kernel->handle(Object(Illuminate\Http\Request))
#37 {main}  
[2015-05-21 03:59:11] local.ERROR: exception 'ErrorException' with message 'Undefined variable: first' in /opt/lampp/htdocs/laravel5/storage/framework/views/6f3dba2d67d077bdab365ebc7d74f701:1
Stack trace:
#0 /opt/lampp/htdocs/laravel5/storage/framework/views/6f3dba2d67d077bdab365ebc7d74f701(1): Illuminate\Foundation\Bootstrap\HandleExceptions->handleError(8, 'Undefined varia...', '/opt/lampp/htdo...', 1, Array)
#1 /opt/lampp/htdocs/laravel5/vendor/compiled.php(13650): include('/opt/lampp/htdo...')
#2 /opt/lampp/htdocs/laravel5/vendor/compiled.php(13683): Illuminate\View\Engines\PhpEngine->evaluatePath('/opt/lampp/htdo...', Array)
#3 /opt/lampp/htdocs/laravel5/vendor/compiled.php(13523): Illuminate\View\Engines\CompilerEngine->get('/opt/lampp/htdo...', Array)
#4 /opt/lampp/htdocs/laravel5/vendor/compiled.php(13510): Illuminate\View\View->getContents()
#5 /opt/lampp/htdocs/laravel5/vendor/compiled.php(13501): Illuminate\View\View->renderContents()
#6 /opt/lampp/htdocs/laravel5/vendor/compiled.php(14597): Illuminate\View\View->render()
#7 /opt/lampp/htdocs/laravel5/vendor/compiled.php(14126): Illuminate\Http\Response->setContent(Object(Illuminate\View\View))
#8 /opt/lampp/htdocs/laravel5/vendor/compiled.php(7154): Symfony\Component\HttpFoundation\Response->__construct(Object(Illuminate\View\View))
#9 /opt/lampp/htdocs/laravel5/vendor/compiled.php(6954): Illuminate\Routing\Router->prepareResponse(Object(Illuminate\Http\Request), Object(Illuminate\View\View))
#10 [internal function]: Illuminate\Routing\Router->Illuminate\Routing\{closure}(Object(Illuminate\Http\Request))
#11 /opt/lampp/htdocs/laravel5/vendor/compiled.php(8952): call_user_func(Object(Closure), Object(Illuminate\Http\Request))
#12 [internal function]: Illuminate\Pipeline\Pipeline->Illuminate\Pipeline\{closure}(Object(Illuminate\Http\Request))
#13 /opt/lampp/htdocs/laravel5/vendor/compiled.php(8935): call_user_func(Object(Closure), Object(Illuminate\Http\Request))
#14 /opt/lampp/htdocs/laravel5/vendor/compiled.php(6955): Illuminate\Pipeline\Pipeline->then(Object(Closure))
#15 /opt/lampp/htdocs/laravel5/vendor/compiled.php(6944): Illuminate\Routing\Router->runRouteWithinStack(Object(Illuminate\Routing\Route), Object(Illuminate\Http\Request))
#16 /opt/lampp/htdocs/laravel5/vendor/compiled.php(6929): Illuminate\Routing\Router->dispatchToRoute(Object(Illuminate\Http\Request))
#17 /opt/lampp/htdocs/laravel5/vendor/compiled.php(1935): Illuminate\Routing\Router->dispatch(Object(Illuminate\Http\Request))
#18 [internal function]: Illuminate\Foundation\Http\Kernel->Illuminate\Foundation\Http\{closure}(Object(Illuminate\Http\Request))
#19 /opt/lampp/htdocs/laravel5/vendor/compiled.php(8952): call_user_func(Object(Closure), Object(Illuminate\Http\Request))
#20 /opt/lampp/htdocs/laravel5/vendor/compiled.php(2438): Illuminate\Pipeline\Pipeline->Illuminate\Pipeline\{closure}(Object(Illuminate\Http\Request))
#21 /opt/lampp/htdocs/laravel5/app/Http/Middleware/VerifyCsrfToken.php(17): Illuminate\Foundation\Http\Middleware\VerifyCsrfToken->handle(Object(Illuminate\Http\Request), Object(Closure))
#22 /opt/lampp/htdocs/laravel5/vendor/compiled.php(8944): App\Http\Middleware\VerifyCsrfToken->handle(Object(Illuminate\Http\Request), Object(Closure))
#23 /opt/lampp/htdocs/laravel5/vendor/compiled.php(12083): Illuminate\Pipeline\Pipeline->Illuminate\Pipeline\{closure}(Object(Illuminate\Http\Request))
#24 /opt/lampp/htdocs/laravel5/vendor/compiled.php(8944): Illuminate\View\Middleware\ShareErrorsFromSession->handle(Object(Illuminate\Http\Request), Object(Closure))
#25 /opt/lampp/htdocs/laravel5/vendor/compiled.php(10785): Illuminate\Pipeline\Pipeline->Illuminate\Pipeline\{closure}(Object(Illuminate\Http\Request))
#26 /opt/lampp/htdocs/laravel5/vendor/compiled.php(8944): Illuminate\Session\Middleware\StartSession->handle(Object(Illuminate\Http\Request), Object(Closure))
#27 /opt/lampp/htdocs/laravel5/vendor/compiled.php(11789): Illuminate\Pipeline\Pipeline->Illuminate\Pipeline\{closure}(Object(Illuminate\Http\Request))
#28 /opt/lampp/htdocs/laravel5/vendor/compiled.php(8944): Illuminate\Cookie\Middleware\AddQueuedCookiesToResponse->handle(Object(Illuminate\Http\Request), Object(Closure))
#29 /opt/lampp/htdocs/laravel5/vendor/compiled.php(11738): Illuminate\Pipeline\Pipeline->Illuminate\Pipeline\{closure}(Object(Illuminate\Http\Request))
#30 /opt/lampp/htdocs/laravel5/vendor/compiled.php(8944): Illuminate\Cookie\Middleware\EncryptCookies->handle(Object(Illuminate\Http\Request), Object(Closure))
#31 /opt/lampp/htdocs/laravel5/vendor/compiled.php(2478): Illuminate\Pipeline\Pipeline->Illuminate\Pipeline\{closure}(Object(Illuminate\Http\Request))
#32 /opt/lampp/htdocs/laravel5/vendor/compiled.php(8944): Illuminate\Foundation\Http\Middleware\CheckForMaintenanceMode->handle(Object(Illuminate\Http\Request), Object(Closure))
#33 [internal function]: Illuminate\Pipeline\Pipeline->Illuminate\Pipeline\{closure}(Object(Illuminate\Http\Request))
#34 /opt/lampp/htdocs/laravel5/vendor/compiled.php(8935): call_user_func(Object(Closure), Object(Illuminate\Http\Request))
#35 /opt/lampp/htdocs/laravel5/vendor/compiled.php(1891): Illuminate\Pipeline\Pipeline->then(Object(Closure))
#36 /opt/lampp/htdocs/laravel5/vendor/compiled.php(1880): Illuminate\Foundation\Http\Kernel->sendRequestThroughRouter(Object(Illuminate\Http\Request))
#37 /opt/lampp/htdocs/laravel5/public/index.php(53): Illuminate\Foundation\Http\Kernel->handle(Object(Illuminate\Http\Request))
#38 {main}

Next exception 'ErrorException' with message 'Undefined variable: first (View: /opt/lampp/htdocs/laravel5/resources/views/pages/about.blade.php)' in /opt/lampp/htdocs/laravel5/storage/framework/views/6f3dba2d67d077bdab365ebc7d74f701:1
Stack trace:
#0 /opt/lampp/htdocs/laravel5/vendor/compiled.php(13652): Illuminate\View\Engines\CompilerEngine->handleViewException(Object(ErrorException), 1)
#1 /opt/lampp/htdocs/laravel5/vendor/compiled.php(13683): Illuminate\View\Engines\PhpEngine->evaluatePath('/opt/lampp/htdo...', Array)
#2 /opt/lampp/htdocs/laravel5/vendor/compiled.php(13523): Illuminate\View\Engines\CompilerEngine->get('/opt/lampp/htdo...', Array)
#3 /opt/lampp/htdocs/laravel5/vendor/compiled.php(13510): Illuminate\View\View->getContents()
#4 /opt/lampp/htdocs/laravel5/vendor/compiled.php(13501): Illuminate\View\View->renderContents()
#5 /opt/lampp/htdocs/laravel5/vendor/compiled.php(14597): Illuminate\View\View->render()
#6 /opt/lampp/htdocs/laravel5/vendor/compiled.php(14126): Illuminate\Http\Response->setContent(Object(Illuminate\View\View))
#7 /opt/lampp/htdocs/laravel5/vendor/compiled.php(7154): Symfony\Component\HttpFoundation\Response->__construct(Object(Illuminate\View\View))
#8 /opt/lampp/htdocs/laravel5/vendor/compiled.php(6954): Illuminate\Routing\Router->prepareResponse(Object(Illuminate\Http\Request), Object(Illuminate\View\View))
#9 [internal function]: Illuminate\Routing\Router->Illuminate\Routing\{closure}(Object(Illuminate\Http\Request))
#10 /opt/lampp/htdocs/laravel5/vendor/compiled.php(8952): call_user_func(Object(Closure), Object(Illuminate\Http\Request))
#11 [internal function]: Illuminate\Pipeline\Pipeline->Illuminate\Pipeline\{closure}(Object(Illuminate\Http\Request))
#12 /opt/lampp/htdocs/laravel5/vendor/compiled.php(8935): call_user_func(Object(Closure), Object(Illuminate\Http\Request))
#13 /opt/lampp/htdocs/laravel5/vendor/compiled.php(6955): Illuminate\Pipeline\Pipeline->then(Object(Closure))
#14 /opt/lampp/htdocs/laravel5/vendor/compiled.php(6944): Illuminate\Routing\Router->runRouteWithinStack(Object(Illuminate\Routing\Route), Object(Illuminate\Http\Request))
#15 /opt/lampp/htdocs/laravel5/vendor/compiled.php(6929): Illuminate\Routing\Router->dispatchToRoute(Object(Illuminate\Http\Request))
#16 /opt/lampp/htdocs/laravel5/vendor/compiled.php(1935): Illuminate\Routing\Router->dispatch(Object(Illuminate\Http\Request))
#17 [internal function]: Illuminate\Foundation\Http\Kernel->Illuminate\Foundation\Http\{closure}(Object(Illuminate\Http\Request))
#18 /opt/lampp/htdocs/laravel5/vendor/compiled.php(8952): call_user_func(Object(Closure), Object(Illuminate\Http\Request))
#19 /opt/lampp/htdocs/laravel5/vendor/compiled.php(2438): Illuminate\Pipeline\Pipeline->Illuminate\Pipeline\{closure}(Object(Illuminate\Http\Request))
#20 /opt/lampp/htdocs/laravel5/app/Http/Middleware/VerifyCsrfToken.php(17): Illuminate\Foundation\Http\Middleware\VerifyCsrfToken->handle(Object(Illuminate\Http\Request), Object(Closure))
#21 /opt/lampp/htdocs/laravel5/vendor/compiled.php(8944): App\Http\Middleware\VerifyCsrfToken->handle(Object(Illuminate\Http\Request), Object(Closure))
#22 /opt/lampp/htdocs/laravel5/vendor/compiled.php(12083): Illuminate\Pipeline\Pipeline->Illuminate\Pipeline\{closure}(Object(Illuminate\Http\Request))
#23 /opt/lampp/htdocs/laravel5/vendor/compiled.php(8944): Illuminate\View\Middleware\ShareErrorsFromSession->handle(Object(Illuminate\Http\Request), Object(Closure))
#24 /opt/lampp/htdocs/laravel5/vendor/compiled.php(10785): Illuminate\Pipeline\Pipeline->Illuminate\Pipeline\{closure}(Object(Illuminate\Http\Request))
#25 /opt/lampp/htdocs/laravel5/vendor/compiled.php(8944): Illuminate\Session\Middleware\StartSession->handle(Object(Illuminate\Http\Request), Object(Closure))
#26 /opt/lampp/htdocs/laravel5/vendor/compiled.php(11789): Illuminate\Pipeline\Pipeline->Illuminate\Pipeline\{closure}(Object(Illuminate\Http\Request))
#27 /opt/lampp/htdocs/laravel5/vendor/compiled.php(8944): Illuminate\Cookie\Middleware\AddQueuedCookiesToResponse->handle(Object(Illuminate\Http\Request), Object(Closure))
#28 /opt/lampp/htdocs/laravel5/vendor/compiled.php(11738): Illuminate\Pipeline\Pipeline->Illuminate\Pipeline\{closure}(Object(Illuminate\Http\Request))
#29 /opt/lampp/htdocs/laravel5/vendor/compiled.php(8944): Illuminate\Cookie\Middleware\EncryptCookies->handle(Object(Illuminate\Http\Request), Object(Closure))
#30 /opt/lampp/htdocs/laravel5/vendor/compiled.php(2478): Illuminate\Pipeline\Pipeline->Illuminate\Pipeline\{closure}(Object(Illuminate\Http\Request))
#31 /opt/lampp/htdocs/laravel5/vendor/compiled.php(8944): Illuminate\Foundation\Http\Middleware\CheckForMaintenanceMode->handle(Object(Illuminate\Http\Request), Object(Closure))
#32 [internal function]: Illuminate\Pipeline\Pipeline->Illuminate\Pipeline\{closure}(Object(Illuminate\Http\Request))
#33 /opt/lampp/htdocs/laravel5/vendor/compiled.php(8935): call_user_func(Object(Closure), Object(Illuminate\Http\Request))
#34 /opt/lampp/htdocs/laravel5/vendor/compiled.php(1891): Illuminate\Pipeline\Pipeline->then(Object(Closure))
#35 /opt/lampp/htdocs/laravel5/vendor/compiled.php(1880): Illuminate\Foundation\Http\Kernel->sendRequestThroughRouter(Object(Illuminate\Http\Request))
#36 /opt/lampp/htdocs/laravel5/public/index.php(53): Illuminate\Foundation\Http\Kernel->handle(Object(Illuminate\Http\Request))
#37 {main}  
[2015-05-21 03:59:43] local.ERROR: exception 'ErrorException' with message 'Undefined variable: first' in /opt/lampp/htdocs/laravel5/storage/framework/views/6f3dba2d67d077bdab365ebc7d74f701:1
Stack trace:
#0 /opt/lampp/htdocs/laravel5/storage/framework/views/6f3dba2d67d077bdab365ebc7d74f701(1): Illuminate\Foundation\Bootstrap\HandleExceptions->handleError(8, 'Undefined varia...', '/opt/lampp/htdo...', 1, Array)
#1 /opt/lampp/htdocs/laravel5/vendor/compiled.php(13650): include('/opt/lampp/htdo...')
#2 /opt/lampp/htdocs/laravel5/vendor/compiled.php(13683): Illuminate\View\Engines\PhpEngine->evaluatePath('/opt/lampp/htdo...', Array)
#3 /opt/lampp/htdocs/laravel5/vendor/compiled.php(13523): Illuminate\View\Engines\CompilerEngine->get('/opt/lampp/htdo...', Array)
#4 /opt/lampp/htdocs/laravel5/vendor/compiled.php(13510): Illuminate\View\View->getContents()
#5 /opt/lampp/htdocs/laravel5/vendor/compiled.php(13501): Illuminate\View\View->renderContents()
#6 /opt/lampp/htdocs/laravel5/vendor/compiled.php(14597): Illuminate\View\View->render()
#7 /opt/lampp/htdocs/laravel5/vendor/compiled.php(14126): Illuminate\Http\Response->setContent(Object(Illuminate\View\View))
#8 /opt/lampp/htdocs/laravel5/vendor/compiled.php(7154): Symfony\Component\HttpFoundation\Response->__construct(Object(Illuminate\View\View))
#9 /opt/lampp/htdocs/laravel5/vendor/compiled.php(6954): Illuminate\Routing\Router->prepareResponse(Object(Illuminate\Http\Request), Object(Illuminate\View\View))
#10 [internal function]: Illuminate\Routing\Router->Illuminate\Routing\{closure}(Object(Illuminate\Http\Request))
#11 /opt/lampp/htdocs/laravel5/vendor/compiled.php(8952): call_user_func(Object(Closure), Object(Illuminate\Http\Request))
#12 [internal function]: Illuminate\Pipeline\Pipeline->Illuminate\Pipeline\{closure}(Object(Illuminate\Http\Request))
#13 /opt/lampp/htdocs/laravel5/vendor/compiled.php(8935): call_user_func(Object(Closure), Object(Illuminate\Http\Request))
#14 /opt/lampp/htdocs/laravel5/vendor/compiled.php(6955): Illuminate\Pipeline\Pipeline->then(Object(Closure))
#15 /opt/lampp/htdocs/laravel5/vendor/compiled.php(6944): Illuminate\Routing\Router->runRouteWithinStack(Object(Illuminate\Routing\Route), Object(Illuminate\Http\Request))
#16 /opt/lampp/htdocs/laravel5/vendor/compiled.php(6929): Illuminate\Routing\Router->dispatchToRoute(Object(Illuminate\Http\Request))
#17 /opt/lampp/htdocs/laravel5/vendor/compiled.php(1935): Illuminate\Routing\Router->dispatch(Object(Illuminate\Http\Request))
#18 [internal function]: Illuminate\Foundation\Http\Kernel->Illuminate\Foundation\Http\{closure}(Object(Illuminate\Http\Request))
#19 /opt/lampp/htdocs/laravel5/vendor/compiled.php(8952): call_user_func(Object(Closure), Object(Illuminate\Http\Request))
#20 /opt/lampp/htdocs/laravel5/vendor/compiled.php(2438): Illuminate\Pipeline\Pipeline->Illuminate\Pipeline\{closure}(Object(Illuminate\Http\Request))
#21 /opt/lampp/htdocs/laravel5/app/Http/Middleware/VerifyCsrfToken.php(17): Illuminate\Foundation\Http\Middleware\VerifyCsrfToken->handle(Object(Illuminate\Http\Request), Object(Closure))
#22 /opt/lampp/htdocs/laravel5/vendor/compiled.php(8944): App\Http\Middleware\VerifyCsrfToken->handle(Object(Illuminate\Http\Request), Object(Closure))
#23 /opt/lampp/htdocs/laravel5/vendor/compiled.php(12083): Illuminate\Pipeline\Pipeline->Illuminate\Pipeline\{closure}(Object(Illuminate\Http\Request))
#24 /opt/lampp/htdocs/laravel5/vendor/compiled.php(8944): Illuminate\View\Middleware\ShareErrorsFromSession->handle(Object(Illuminate\Http\Request), Object(Closure))
#25 /opt/lampp/htdocs/laravel5/vendor/compiled.php(10785): Illuminate\Pipeline\Pipeline->Illuminate\Pipeline\{closure}(Object(Illuminate\Http\Request))
#26 /opt/lampp/htdocs/laravel5/vendor/compiled.php(8944): Illuminate\Session\Middleware\StartSession->handle(Object(Illuminate\Http\Request), Object(Closure))
#27 /opt/lampp/htdocs/laravel5/vendor/compiled.php(11789): Illuminate\Pipeline\Pipeline->Illuminate\Pipeline\{closure}(Object(Illuminate\Http\Request))
#28 /opt/lampp/htdocs/laravel5/vendor/compiled.php(8944): Illuminate\Cookie\Middleware\AddQueuedCookiesToResponse->handle(Object(Illuminate\Http\Request), Object(Closure))
#29 /opt/lampp/htdocs/laravel5/vendor/compiled.php(11738): Illuminate\Pipeline\Pipeline->Illuminate\Pipeline\{closure}(Object(Illuminate\Http\Request))
#30 /opt/lampp/htdocs/laravel5/vendor/compiled.php(8944): Illuminate\Cookie\Middleware\EncryptCookies->handle(Object(Illuminate\Http\Request), Object(Closure))
#31 /opt/lampp/htdocs/laravel5/vendor/compiled.php(2478): Illuminate\Pipeline\Pipeline->Illuminate\Pipeline\{closure}(Object(Illuminate\Http\Request))
#32 /opt/lampp/htdocs/laravel5/vendor/compiled.php(8944): Illuminate\Foundation\Http\Middleware\CheckForMaintenanceMode->handle(Object(Illuminate\Http\Request), Object(Closure))
#33 [internal function]: Illuminate\Pipeline\Pipeline->Illuminate\Pipeline\{closure}(Object(Illuminate\Http\Request))
#34 /opt/lampp/htdocs/laravel5/vendor/compiled.php(8935): call_user_func(Object(Closure), Object(Illuminate\Http\Request))
#35 /opt/lampp/htdocs/laravel5/vendor/compiled.php(1891): Illuminate\Pipeline\Pipeline->then(Object(Closure))
#36 /opt/lampp/htdocs/laravel5/vendor/compiled.php(1880): Illuminate\Foundation\Http\Kernel->sendRequestThroughRouter(Object(Illuminate\Http\Request))
#37 /opt/lampp/htdocs/laravel5/public/index.php(53): Illuminate\Foundation\Http\Kernel->handle(Object(Illuminate\Http\Request))
#38 {main}

Next exception 'ErrorException' with message 'Undefined variable: first (View: /opt/lampp/htdocs/laravel5/resources/views/pages/about.blade.php)' in /opt/lampp/htdocs/laravel5/storage/framework/views/6f3dba2d67d077bdab365ebc7d74f701:1
Stack trace:
#0 /opt/lampp/htdocs/laravel5/vendor/compiled.php(13652): Illuminate\View\Engines\CompilerEngine->handleViewException(Object(ErrorException), 1)
#1 /opt/lampp/htdocs/laravel5/vendor/compiled.php(13683): Illuminate\View\Engines\PhpEngine->evaluatePath('/opt/lampp/htdo...', Array)
#2 /opt/lampp/htdocs/laravel5/vendor/compiled.php(13523): Illuminate\View\Engines\CompilerEngine->get('/opt/lampp/htdo...', Array)
#3 /opt/lampp/htdocs/laravel5/vendor/compiled.php(13510): Illuminate\View\View->getContents()
#4 /opt/lampp/htdocs/laravel5/vendor/compiled.php(13501): Illuminate\View\View->renderContents()
#5 /opt/lampp/htdocs/laravel5/vendor/compiled.php(14597): Illuminate\View\View->render()
#6 /opt/lampp/htdocs/laravel5/vendor/compiled.php(14126): Illuminate\Http\Response->setContent(Object(Illuminate\View\View))
#7 /opt/lampp/htdocs/laravel5/vendor/compiled.php(7154): Symfony\Component\HttpFoundation\Response->__construct(Object(Illuminate\View\View))
#8 /opt/lampp/htdocs/laravel5/vendor/compiled.php(6954): Illuminate\Routing\Router->prepareResponse(Object(Illuminate\Http\Request), Object(Illuminate\View\View))
#9 [internal function]: Illuminate\Routing\Router->Illuminate\Routing\{closure}(Object(Illuminate\Http\Request))
#10 /opt/lampp/htdocs/laravel5/vendor/compiled.php(8952): call_user_func(Object(Closure), Object(Illuminate\Http\Request))
#11 [internal function]: Illuminate\Pipeline\Pipeline->Illuminate\Pipeline\{closure}(Object(Illuminate\Http\Request))
#12 /opt/lampp/htdocs/laravel5/vendor/compiled.php(8935): call_user_func(Object(Closure), Object(Illuminate\Http\Request))
#13 /opt/lampp/htdocs/laravel5/vendor/compiled.php(6955): Illuminate\Pipeline\Pipeline->then(Object(Closure))
#14 /opt/lampp/htdocs/laravel5/vendor/compiled.php(6944): Illuminate\Routing\Router->runRouteWithinStack(Object(Illuminate\Routing\Route), Object(Illuminate\Http\Request))
#15 /opt/lampp/htdocs/laravel5/vendor/compiled.php(6929): Illuminate\Routing\Router->dispatchToRoute(Object(Illuminate\Http\Request))
#16 /opt/lampp/htdocs/laravel5/vendor/compiled.php(1935): Illuminate\Routing\Router->dispatch(Object(Illuminate\Http\Request))
#17 [internal function]: Illuminate\Foundation\Http\Kernel->Illuminate\Foundation\Http\{closure}(Object(Illuminate\Http\Request))
#18 /opt/lampp/htdocs/laravel5/vendor/compiled.php(8952): call_user_func(Object(Closure), Object(Illuminate\Http\Request))
#19 /opt/lampp/htdocs/laravel5/vendor/compiled.php(2438): Illuminate\Pipeline\Pipeline->Illuminate\Pipeline\{closure}(Object(Illuminate\Http\Request))
#20 /opt/lampp/htdocs/laravel5/app/Http/Middleware/VerifyCsrfToken.php(17): Illuminate\Foundation\Http\Middleware\VerifyCsrfToken->handle(Object(Illuminate\Http\Request), Object(Closure))
#21 /opt/lampp/htdocs/laravel5/vendor/compiled.php(8944): App\Http\Middleware\VerifyCsrfToken->handle(Object(Illuminate\Http\Request), Object(Closure))
#22 /opt/lampp/htdocs/laravel5/vendor/compiled.php(12083): Illuminate\Pipeline\Pipeline->Illuminate\Pipeline\{closure}(Object(Illuminate\Http\Request))
#23 /opt/lampp/htdocs/laravel5/vendor/compiled.php(8944): Illuminate\View\Middleware\ShareErrorsFromSession->handle(Object(Illuminate\Http\Request), Object(Closure))
#24 /opt/lampp/htdocs/laravel5/vendor/compiled.php(10785): Illuminate\Pipeline\Pipeline->Illuminate\Pipeline\{closure}(Object(Illuminate\Http\Request))
#25 /opt/lampp/htdocs/laravel5/vendor/compiled.php(8944): Illuminate\Session\Middleware\StartSession->handle(Object(Illuminate\Http\Request), Object(Closure))
#26 /opt/lampp/htdocs/laravel5/vendor/compiled.php(11789): Illuminate\Pipeline\Pipeline->Illuminate\Pipeline\{closure}(Object(Illuminate\Http\Request))
#27 /opt/lampp/htdocs/laravel5/vendor/compiled.php(8944): Illuminate\Cookie\Middleware\AddQueuedCookiesToResponse->handle(Object(Illuminate\Http\Request), Object(Closure))
#28 /opt/lampp/htdocs/laravel5/vendor/compiled.php(11738): Illuminate\Pipeline\Pipeline->Illuminate\Pipeline\{closure}(Object(Illuminate\Http\Request))
#29 /opt/lampp/htdocs/laravel5/vendor/compiled.php(8944): Illuminate\Cookie\Middleware\EncryptCookies->handle(Object(Illuminate\Http\Request), Object(Closure))
#30 /opt/lampp/htdocs/laravel5/vendor/compiled.php(2478): Illuminate\Pipeline\Pipeline->Illuminate\Pipeline\{closure}(Object(Illuminate\Http\Request))
#31 /opt/lampp/htdocs/laravel5/vendor/compiled.php(8944): Illuminate\Foundation\Http\Middleware\CheckForMaintenanceMode->handle(Object(Illuminate\Http\Request), Object(Closure))
#32 [internal function]: Illuminate\Pipeline\Pipeline->Illuminate\Pipeline\{closure}(Object(Illuminate\Http\Request))
#33 /opt/lampp/htdocs/laravel5/vendor/compiled.php(8935): call_user_func(Object(Closure), Object(Illuminate\Http\Request))
#34 /opt/lampp/htdocs/laravel5/vendor/compiled.php(1891): Illuminate\Pipeline\Pipeline->then(Object(Closure))
#35 /opt/lampp/htdocs/laravel5/vendor/compiled.php(1880): Illuminate\Foundation\Http\Kernel->sendRequestThroughRouter(Object(Illuminate\Http\Request))
#36 /opt/lampp/htdocs/laravel5/public/index.php(53): Illuminate\Foundation\Http\Kernel->handle(Object(Illuminate\Http\Request))
#37 {main}  
[2015-05-21 03:59:44] local.ERROR: exception 'ErrorException' with message 'Undefined variable: first' in /opt/lampp/htdocs/laravel5/storage/framework/views/6f3dba2d67d077bdab365ebc7d74f701:1
Stack trace:
#0 /opt/lampp/htdocs/laravel5/storage/framework/views/6f3dba2d67d077bdab365ebc7d74f701(1): Illuminate\Foundation\Bootstrap\HandleExceptions->handleError(8, 'Undefined varia...', '/opt/lampp/htdo...', 1, Array)
#1 /opt/lampp/htdocs/laravel5/vendor/compiled.php(13650): include('/opt/lampp/htdo...')
#2 /opt/lampp/htdocs/laravel5/vendor/compiled.php(13683): Illuminate\View\Engines\PhpEngine->evaluatePath('/opt/lampp/htdo...', Array)
#3 /opt/lampp/htdocs/laravel5/vendor/compiled.php(13523): Illuminate\View\Engines\CompilerEngine->get('/opt/lampp/htdo...', Array)
#4 /opt/lampp/htdocs/laravel5/vendor/compiled.php(13510): Illuminate\View\View->getContents()
#5 /opt/lampp/htdocs/laravel5/vendor/compiled.php(13501): Illuminate\View\View->renderContents()
#6 /opt/lampp/htdocs/laravel5/vendor/compiled.php(14597): Illuminate\View\View->render()
#7 /opt/lampp/htdocs/laravel5/vendor/compiled.php(14126): Illuminate\Http\Response->setContent(Object(Illuminate\View\View))
#8 /opt/lampp/htdocs/laravel5/vendor/compiled.php(7154): Symfony\Component\HttpFoundation\Response->__construct(Object(Illuminate\View\View))
#9 /opt/lampp/htdocs/laravel5/vendor/compiled.php(6954): Illuminate\Routing\Router->prepareResponse(Object(Illuminate\Http\Request), Object(Illuminate\View\View))
#10 [internal function]: Illuminate\Routing\Router->Illuminate\Routing\{closure}(Object(Illuminate\Http\Request))
#11 /opt/lampp/htdocs/laravel5/vendor/compiled.php(8952): call_user_func(Object(Closure), Object(Illuminate\Http\Request))
#12 [internal function]: Illuminate\Pipeline\Pipeline->Illuminate\Pipeline\{closure}(Object(Illuminate\Http\Request))
#13 /opt/lampp/htdocs/laravel5/vendor/compiled.php(8935): call_user_func(Object(Closure), Object(Illuminate\Http\Request))
#14 /opt/lampp/htdocs/laravel5/vendor/compiled.php(6955): Illuminate\Pipeline\Pipeline->then(Object(Closure))
#15 /opt/lampp/htdocs/laravel5/vendor/compiled.php(6944): Illuminate\Routing\Router->runRouteWithinStack(Object(Illuminate\Routing\Route), Object(Illuminate\Http\Request))
#16 /opt/lampp/htdocs/laravel5/vendor/compiled.php(6929): Illuminate\Routing\Router->dispatchToRoute(Object(Illuminate\Http\Request))
#17 /opt/lampp/htdocs/laravel5/vendor/compiled.php(1935): Illuminate\Routing\Router->dispatch(Object(Illuminate\Http\Request))
#18 [internal function]: Illuminate\Foundation\Http\Kernel->Illuminate\Foundation\Http\{closure}(Object(Illuminate\Http\Request))
#19 /opt/lampp/htdocs/laravel5/vendor/compiled.php(8952): call_user_func(Object(Closure), Object(Illuminate\Http\Request))
#20 /opt/lampp/htdocs/laravel5/vendor/compiled.php(2438): Illuminate\Pipeline\Pipeline->Illuminate\Pipeline\{closure}(Object(Illuminate\Http\Request))
#21 /opt/lampp/htdocs/laravel5/app/Http/Middleware/VerifyCsrfToken.php(17): Illuminate\Foundation\Http\Middleware\VerifyCsrfToken->handle(Object(Illuminate\Http\Request), Object(Closure))
#22 /opt/lampp/htdocs/laravel5/vendor/compiled.php(8944): App\Http\Middleware\VerifyCsrfToken->handle(Object(Illuminate\Http\Request), Object(Closure))
#23 /opt/lampp/htdocs/laravel5/vendor/compiled.php(12083): Illuminate\Pipeline\Pipeline->Illuminate\Pipeline\{closure}(Object(Illuminate\Http\Request))
#24 /opt/lampp/htdocs/laravel5/vendor/compiled.php(8944): Illuminate\View\Middleware\ShareErrorsFromSession->handle(Object(Illuminate\Http\Request), Object(Closure))
#25 /opt/lampp/htdocs/laravel5/vendor/compiled.php(10785): Illuminate\Pipeline\Pipeline->Illuminate\Pipeline\{closure}(Object(Illuminate\Http\Request))
#26 /opt/lampp/htdocs/laravel5/vendor/compiled.php(8944): Illuminate\Session\Middleware\StartSession->handle(Object(Illuminate\Http\Request), Object(Closure))
#27 /opt/lampp/htdocs/laravel5/vendor/compiled.php(11789): Illuminate\Pipeline\Pipeline->Illuminate\Pipeline\{closure}(Object(Illuminate\Http\Request))
#28 /opt/lampp/htdocs/laravel5/vendor/compiled.php(8944): Illuminate\Cookie\Middleware\AddQueuedCookiesToResponse->handle(Object(Illuminate\Http\Request), Object(Closure))
#29 /opt/lampp/htdocs/laravel5/vendor/compiled.php(11738): Illuminate\Pipeline\Pipeline->Illuminate\Pipeline\{closure}(Object(Illuminate\Http\Request))
#30 /opt/lampp/htdocs/laravel5/vendor/compiled.php(8944): Illuminate\Cookie\Middleware\EncryptCookies->handle(Object(Illuminate\Http\Request), Object(Closure))
#31 /opt/lampp/htdocs/laravel5/vendor/compiled.php(2478): Illuminate\Pipeline\Pipeline->Illuminate\Pipeline\{closure}(Object(Illuminate\Http\Request))
#32 /opt/lampp/htdocs/laravel5/vendor/compiled.php(8944): Illuminate\Foundation\Http\Middleware\CheckForMaintenanceMode->handle(Object(Illuminate\Http\Request), Object(Closure))
#33 [internal function]: Illuminate\Pipeline\Pipeline->Illuminate\Pipeline\{closure}(Object(Illuminate\Http\Request))
#34 /opt/lampp/htdocs/laravel5/vendor/compiled.php(8935): call_user_func(Object(Closure), Object(Illuminate\Http\Request))
#35 /opt/lampp/htdocs/laravel5/vendor/compiled.php(1891): Illuminate\Pipeline\Pipeline->then(Object(Closure))
#36 /opt/lampp/htdocs/laravel5/vendor/compiled.php(1880): Illuminate\Foundation\Http\Kernel->sendRequestThroughRouter(Object(Illuminate\Http\Request))
#37 /opt/lampp/htdocs/laravel5/public/index.php(53): Illuminate\Foundation\Http\Kernel->handle(Object(Illuminate\Http\Request))
#38 {main}

Next exception 'ErrorException' with message 'Undefined variable: first (View: /opt/lampp/htdocs/laravel5/resources/views/pages/about.blade.php)' in /opt/lampp/htdocs/laravel5/storage/framework/views/6f3dba2d67d077bdab365ebc7d74f701:1
Stack trace:
#0 /opt/lampp/htdocs/laravel5/vendor/compiled.php(13652): Illuminate\View\Engines\CompilerEngine->handleViewException(Object(ErrorException), 1)
#1 /opt/lampp/htdocs/laravel5/vendor/compiled.php(13683): Illuminate\View\Engines\PhpEngine->evaluatePath('/opt/lampp/htdo...', Array)
#2 /opt/lampp/htdocs/laravel5/vendor/compiled.php(13523): Illuminate\View\Engines\CompilerEngine->get('/opt/lampp/htdo...', Array)
#3 /opt/lampp/htdocs/laravel5/vendor/compiled.php(13510): Illuminate\View\View->getContents()
#4 /opt/lampp/htdocs/laravel5/vendor/compiled.php(13501): Illuminate\View\View->renderContents()
#5 /opt/lampp/htdocs/laravel5/vendor/compiled.php(14597): Illuminate\View\View->render()
#6 /opt/lampp/htdocs/laravel5/vendor/compiled.php(14126): Illuminate\Http\Response->setContent(Object(Illuminate\View\View))
#7 /opt/lampp/htdocs/laravel5/vendor/compiled.php(7154): Symfony\Component\HttpFoundation\Response->__construct(Object(Illuminate\View\View))
#8 /opt/lampp/htdocs/laravel5/vendor/compiled.php(6954): Illuminate\Routing\Router->prepareResponse(Object(Illuminate\Http\Request), Object(Illuminate\View\View))
#9 [internal function]: Illuminate\Routing\Router->Illuminate\Routing\{closure}(Object(Illuminate\Http\Request))
#10 /opt/lampp/htdocs/laravel5/vendor/compiled.php(8952): call_user_func(Object(Closure), Object(Illuminate\Http\Request))
#11 [internal function]: Illuminate\Pipeline\Pipeline->Illuminate\Pipeline\{closure}(Object(Illuminate\Http\Request))
#12 /opt/lampp/htdocs/laravel5/vendor/compiled.php(8935): call_user_func(Object(Closure), Object(Illuminate\Http\Request))
#13 /opt/lampp/htdocs/laravel5/vendor/compiled.php(6955): Illuminate\Pipeline\Pipeline->then(Object(Closure))
#14 /opt/lampp/htdocs/laravel5/vendor/compiled.php(6944): Illuminate\Routing\Router->runRouteWithinStack(Object(Illuminate\Routing\Route), Object(Illuminate\Http\Request))
#15 /opt/lampp/htdocs/laravel5/vendor/compiled.php(6929): Illuminate\Routing\Router->dispatchToRoute(Object(Illuminate\Http\Request))
#16 /opt/lampp/htdocs/laravel5/vendor/compiled.php(1935): Illuminate\Routing\Router->dispatch(Object(Illuminate\Http\Request))
#17 [internal function]: Illuminate\Foundation\Http\Kernel->Illuminate\Foundation\Http\{closure}(Object(Illuminate\Http\Request))
#18 /opt/lampp/htdocs/laravel5/vendor/compiled.php(8952): call_user_func(Object(Closure), Object(Illuminate\Http\Request))
#19 /opt/lampp/htdocs/laravel5/vendor/compiled.php(2438): Illuminate\Pipeline\Pipeline->Illuminate\Pipeline\{closure}(Object(Illuminate\Http\Request))
#20 /opt/lampp/htdocs/laravel5/app/Http/Middleware/VerifyCsrfToken.php(17): Illuminate\Foundation\Http\Middleware\VerifyCsrfToken->handle(Object(Illuminate\Http\Request), Object(Closure))
#21 /opt/lampp/htdocs/laravel5/vendor/compiled.php(8944): App\Http\Middleware\VerifyCsrfToken->handle(Object(Illuminate\Http\Request), Object(Closure))
#22 /opt/lampp/htdocs/laravel5/vendor/compiled.php(12083): Illuminate\Pipeline\Pipeline->Illuminate\Pipeline\{closure}(Object(Illuminate\Http\Request))
#23 /opt/lampp/htdocs/laravel5/vendor/compiled.php(8944): Illuminate\View\Middleware\ShareErrorsFromSession->handle(Object(Illuminate\Http\Request), Object(Closure))
#24 /opt/lampp/htdocs/laravel5/vendor/compiled.php(10785): Illuminate\Pipeline\Pipeline->Illuminate\Pipeline\{closure}(Object(Illuminate\Http\Request))
#25 /opt/lampp/htdocs/laravel5/vendor/compiled.php(8944): Illuminate\Session\Middleware\StartSession->handle(Object(Illuminate\Http\Request), Object(Closure))
#26 /opt/lampp/htdocs/laravel5/vendor/compiled.php(11789): Illuminate\Pipeline\Pipeline->Illuminate\Pipeline\{closure}(Object(Illuminate\Http\Request))
#27 /opt/lampp/htdocs/laravel5/vendor/compiled.php(8944): Illuminate\Cookie\Middleware\AddQueuedCookiesToResponse->handle(Object(Illuminate\Http\Request), Object(Closure))
#28 /opt/lampp/htdocs/laravel5/vendor/compiled.php(11738): Illuminate\Pipeline\Pipeline->Illuminate\Pipeline\{closure}(Object(Illuminate\Http\Request))
#29 /opt/lampp/htdocs/laravel5/vendor/compiled.php(8944): Illuminate\Cookie\Middleware\EncryptCookies->handle(Object(Illuminate\Http\Request), Object(Closure))
#30 /opt/lampp/htdocs/laravel5/vendor/compiled.php(2478): Illuminate\Pipeline\Pipeline->Illuminate\Pipeline\{closure}(Object(Illuminate\Http\Request))
#31 /opt/lampp/htdocs/laravel5/vendor/compiled.php(8944): Illuminate\Foundation\Http\Middleware\CheckForMaintenanceMode->handle(Object(Illuminate\Http\Request), Object(Closure))
#32 [internal function]: Illuminate\Pipeline\Pipeline->Illuminate\Pipeline\{closure}(Object(Illuminate\Http\Request))
#33 /opt/lampp/htdocs/laravel5/vendor/compiled.php(8935): call_user_func(Object(Closure), Object(Illuminate\Http\Request))
#34 /opt/lampp/htdocs/laravel5/vendor/compiled.php(1891): Illuminate\Pipeline\Pipeline->then(Object(Closure))
#35 /opt/lampp/htdocs/laravel5/vendor/compiled.php(1880): Illuminate\Foundation\Http\Kernel->sendRequestThroughRouter(Object(Illuminate\Http\Request))
#36 /opt/lampp/htdocs/laravel5/public/index.php(53): Illuminate\Foundation\Http\Kernel->handle(Object(Illuminate\Http\Request))
#37 {main}  
[2015-05-21 04:07:51] local.ERROR: exception 'Symfony\Component\Debug\Exception\FatalErrorException' with message 'syntax error, unexpected '__data' (T_STRING)' in /opt/lampp/htdocs/laravel5/storage/framework/views/6f3dba2d67d077bdab365ebc7d74f701:7
Stack trace:
#0 {main}  
